[    2034ms] [ERROR]  Note that 'script-src' was not explicitly set, so 'default-src' is used as a fallback. @ https://challenges.cloudflare.com/cdn-cgi/challenge-platform/h/g/turnstile/f/ov2/av0/rch/n83g7/0x4AAAAAAADY3UwkmqCvH8VR/auto/fbE/new/normal?lang=auto:0
[    2200ms] [ERROR] Failed to load resource: the server responded with a status of 401 () @ https://challenges.cloudflare.com/cdn-cgi/challenge-platform/h/g/pat/9d4a8334888d71ff/1772224986680/f07009ad84d0a90bb826640a7bc9ef2964ce393cc1f549f075c574c942185dff/Xex9WJEQRR26GZV:0
[    2943ms] [ERROR] %c%d font-size:0;color:transparent NaN @ https://challenges.cloudflare.com/cdn-cgi/challenge-platform/h/g/turnstile/f/ov2/av0/rch/n83g7/0x4AAAAAAADY3UwkmqCvH8VR/auto/fbE/new/normal?lang=auto:0
[    2943ms] [ERROR] %c%d font-size:0;color:transparent NaN @ https://challenges.cloudflare.com/cdn-cgi/challenge-platform/h/g/turnstile/f/ov2/av0/rch/n83g7/0x4AAAAAAADY3UwkmqCvH8VR/auto/fbE/new/normal?lang=auto:0
[    2944ms] [WARNING] %c%d font-size:0;color:transparent NaN @ https://challenges.cloudflare.com/cdn-cgi/challenge-platform/h/g/turnstile/f/ov2/av0/rch/n83g7/0x4AAAAAAADY3UwkmqCvH8VR/auto/fbE/new/normal?lang=auto:0
[    2944ms] [WARNING] %c%d font-size:0;color:transparent NaN @ https://challenges.cloudflare.com/cdn-cgi/challenge-platform/h/g/turnstile/f/ov2/av0/rch/n83g7/0x4AAAAAAADY3UwkmqCvH8VR/auto/fbE/new/normal?lang=auto:0
[    6191ms] [WARNING] The resource https://challenges.cloudflare.com/cdn-cgi/challenge-platform/h/g/cmg/1 was preloaded using link preload but not used within a few seconds from the window's load event. Please make sure it has an appropriate `as` value and it is preloaded intentionally. @ https://challenges.cloudflare.com/cdn-cgi/challenge-platform/h/g/turnstile/f/ov2/av0/rch/n83g7/0x4AAAAAAADY3UwkmqCvH8VR/auto/fbE/new/normal?lang=auto:0
[    9505ms] [ERROR]  Note that 'script-src' was not explicitly set, so 'default-src' is used as a fallback. @ https://challenges.cloudflare.com/cdn-cgi/challenge-platform/h/g/turnstile/f/ov2/av0/rch/n83g7/0x4AAAAAAADY3UwkmqCvH8VR/auto/fbE/api/normal?lang=auto:0
[    9667ms] [ERROR] Failed to load resource: the server responded with a status of 401 () @ https://challenges.cloudflare.com/cdn-cgi/challenge-platform/h/g/pat/9d4a83641e3371ff/1772224994332/3cd811e40431a0ca8a69f7fe94563e5caa939b2417e824deaabcff77ebdca9ec/FpUx5cHaPQKRfnG:0
[    9732ms] [ERROR] %c%d font-size:0;color:transparent NaN @ https://challenges.cloudflare.com/cdn-cgi/challenge-platform/h/g/turnstile/f/ov2/av0/rch/n83g7/0x4AAAAAAADY3UwkmqCvH8VR/auto/fbE/api/normal?lang=auto:0
[    9732ms] [ERROR] %c%d font-size:0;color:transparent NaN @ https://challenges.cloudflare.com/cdn-cgi/challenge-platform/h/g/turnstile/f/ov2/av0/rch/n83g7/0x4AAAAAAADY3UwkmqCvH8VR/auto/fbE/api/normal?lang=auto:0
[    9732ms] [WARNING] %c%d font-size:0;color:transparent NaN @ https://challenges.cloudflare.com/cdn-cgi/challenge-platform/h/g/turnstile/f/ov2/av0/rch/n83g7/0x4AAAAAAADY3UwkmqCvH8VR/auto/fbE/api/normal?lang=auto:0
[    9732ms] [WARNING] %c%d font-size:0;color:transparent NaN @ https://challenges.cloudflare.com/cdn-cgi/challenge-platform/h/g/turnstile/f/ov2/av0/rch/n83g7/0x4AAAAAAADY3UwkmqCvH8VR/auto/fbE/api/normal?lang=auto:0
[   12973ms] [WARNING] The resource https://challenges.cloudflare.com/cdn-cgi/challenge-platform/h/g/cmg/1 was preloaded using link preload but not used within a few seconds from the window's load event. Please make sure it has an appropriate `as` value and it is preloaded intentionally. @ https://challenges.cloudflare.com/cdn-cgi/challenge-platform/h/g/turnstile/f/ov2/av0/rch/n83g7/0x4AAAAAAADY3UwkmqCvH8VR/auto/fbE/api/normal?lang=auto:0
[   22304ms] [ERROR] Failed to load resource: the server responded with a status of 404 () @ https://haveibeenpwned.com/unifiedsearch/matt%40charitability.ca:0
[   22715ms] [ERROR] %c%d font-size:0;color:transparent NaN @ https://challenges.cloudflare.com/cdn-cgi/challenge-platform/h/g/turnstile/f/ov2/av0/rch/n83g7/0x4AAAAAAADY3UwkmqCvH8VR/auto/fbE/api/normal?lang=auto:0
[   22715ms] [ERROR] %c%d font-size:0;color:transparent NaN @ https://challenges.cloudflare.com/cdn-cgi/challenge-platform/h/g/turnstile/f/ov2/av0/rch/n83g7/0x4AAAAAAADY3UwkmqCvH8VR/auto/fbE/api/normal?lang=auto:0
[   22716ms] [WARNING] %c%d font-size:0;color:transparent NaN @ https://challenges.cloudflare.com/cdn-cgi/challenge-platform/h/g/turnstile/f/ov2/av0/rch/n83g7/0x4AAAAAAADY3UwkmqCvH8VR/auto/fbE/api/normal?lang=auto:0
[   22716ms] [WARNING] %c%d font-size:0;color:transparent NaN @ https://challenges.cloudflare.com/cdn-cgi/challenge-platform/h/g/turnstile/f/ov2/av0/rch/n83g7/0x4AAAAAAADY3UwkmqCvH8VR/auto/fbE/api/normal?lang=auto:0
[   22771ms] [ERROR] Failed to load resource: the server responded with a status of 401 () @ https://challenges.cloudflare.com/cdn-cgi/challenge-platform/h/g/pat/9d4a83b78c9871ff/1772225007492/44c203fa3aa21295feb13034716b2f0531f7f916ef8da31b7623d2e942ff7bc6/iGWLyeoJjOIIl8k:0
[   22802ms] [ERROR]  Note that 'script-src' was not explicitly set, so 'default-src' is used as a fallback. @ https://challenges.cloudflare.com/cdn-cgi/challenge-platform/h/g/turnstile/f/ov2/av0/rch/n83g7/0x4AAAAAAADY3UwkmqCvH8VR/auto/fbE/api/normal?lang=auto:0
[   23614ms] [ERROR]  Note that 'script-src' was not explicitly set, so 'default-src' is used as a fallback. @ https://challenges.cloudflare.com/cdn-cgi/challenge-platform/h/g/turnstile/f/ov2/av0/rch/n83g7/0x4AAAAAAADY3UwkmqCvH8VR/auto/fbE/api/normal?lang=auto:0
[   23797ms] [ERROR] %c%d font-size:0;color:transparent NaN @ https://challenges.cloudflare.com/cdn-cgi/challenge-platform/h/g/turnstile/f/ov2/av0/rch/n83g7/0x4AAAAAAADY3UwkmqCvH8VR/auto/fbE/api/normal?lang=auto:0
[   23797ms] [ERROR] %c%d font-size:0;color:transparent NaN @ https://challenges.cloudflare.com/cdn-cgi/challenge-platform/h/g/turnstile/f/ov2/av0/rch/n83g7/0x4AAAAAAADY3UwkmqCvH8VR/auto/fbE/api/normal?lang=auto:0
[   23797ms] [WARNING] %c%d font-size:0;color:transparent NaN @ https://challenges.cloudflare.com/cdn-cgi/challenge-platform/h/g/turnstile/f/ov2/av0/rch/n83g7/0x4AAAAAAADY3UwkmqCvH8VR/auto/fbE/api/normal?lang=auto:0
[   23797ms] [WARNING] %c%d font-size:0;color:transparent NaN @ https://challenges.cloudflare.com/cdn-cgi/challenge-platform/h/g/turnstile/f/ov2/av0/rch/n83g7/0x4AAAAAAADY3UwkmqCvH8VR/auto/fbE/api/normal?lang=auto:0
[   23873ms] [ERROR] Failed to load resource: the server responded with a status of 401 () @ https://challenges.cloudflare.com/cdn-cgi/challenge-platform/h/g/pat/9d4a83bd291471ff/1772225008406/f103aa3c575cd373fb3b490419e5d31b3308a9290e234da7ce05552589db9ba7/ztLaar9NRsYDl50:0
[   27074ms] [WARNING] The resource https://challenges.cloudflare.com/cdn-cgi/challenge-platform/h/g/cmg/1 was preloaded using link preload but not used within a few seconds from the window's load event. Please make sure it has an appropriate `as` value and it is preloaded intentionally. @ https://challenges.cloudflare.com/cdn-cgi/challenge-platform/h/g/turnstile/f/ov2/av0/rch/n83g7/0x4AAAAAAADY3UwkmqCvH8VR/auto/fbE/api/normal?lang=auto:0
[   33416ms] [ERROR] Failed to load resource: the server responded with a status of 404 () @ https://haveibeenpwned.com/unifiedsearch/matt%40sovereignlabs.ai:0
[   33841ms] [ERROR] Failed to load resource: the server responded with a status of 401 () @ https://challenges.cloudflare.com/cdn-cgi/challenge-platform/h/g/pat/9d4a83fcfe5671ff/1772225018603/7970cb5fd0047380e30e536bce8efa7bc61a0a20f0cdfc490cecdf7e277ccbf3/l7pXbqUsrM5gMSo:0
[   33860ms] [ERROR] %c%d font-size:0;color:transparent NaN @ https://challenges.cloudflare.com/cdn-cgi/challenge-platform/h/g/turnstile/f/ov2/av0/rch/n83g7/0x4AAAAAAADY3UwkmqCvH8VR/auto/fbE/api/normal?lang=auto:0
[   33860ms] [ERROR] %c%d font-size:0;color:transparent NaN @ https://challenges.cloudflare.com/cdn-cgi/challenge-platform/h/g/turnstile/f/ov2/av0/rch/n83g7/0x4AAAAAAADY3UwkmqCvH8VR/auto/fbE/api/normal?lang=auto:0
[   33861ms] [WARNING] %c%d font-size:0;color:transparent NaN @ https://challenges.cloudflare.com/cdn-cgi/challenge-platform/h/g/turnstile/f/ov2/av0/rch/n83g7/0x4AAAAAAADY3UwkmqCvH8VR/auto/fbE/api/normal?lang=auto:0
[   33861ms] [WARNING] %c%d font-size:0;color:transparent NaN @ https://challenges.cloudflare.com/cdn-cgi/challenge-platform/h/g/turnstile/f/ov2/av0/rch/n83g7/0x4AAAAAAADY3UwkmqCvH8VR/auto/fbE/api/normal?lang=auto:0
[   33903ms] [ERROR]  Note that 'script-src' was not explicitly set, so 'default-src' is used as a fallback. @ https://challenges.cloudflare.com/cdn-cgi/challenge-platform/h/g/turnstile/f/ov2/av0/rch/n83g7/0x4AAAAAAADY3UwkmqCvH8VR/auto/fbE/api/normal?lang=auto:0
[   34705ms] [ERROR] Failed to load resource: the server responded with a status of 401 () @ https://challenges.cloudflare.com/cdn-cgi/challenge-platform/h/g/pat/9d4a8402992e71ff/1772225019507/4e7db4c7a78bf4f71f3fe629d159312747fa8efea2b707156d1900e01aed03ef/MakgRzX2qnSuDqt:0
[   34714ms] [ERROR] %c%d font-size:0;color:transparent NaN @ https://challenges.cloudflare.com/cdn-cgi/challenge-platform/h/g/turnstile/f/ov2/av0/rch/n83g7/0x4AAAAAAADY3UwkmqCvH8VR/auto/fbE/api/normal?lang=auto:0
[   34714ms] [ERROR] %c%d font-size:0;color:transparent NaN @ https://challenges.cloudflare.com/cdn-cgi/challenge-platform/h/g/turnstile/f/ov2/av0/rch/n83g7/0x4AAAAAAADY3UwkmqCvH8VR/auto/fbE/api/normal?lang=auto:0
[   34715ms] [WARNING] %c%d font-size:0;color:transparent NaN @ https://challenges.cloudflare.com/cdn-cgi/challenge-platform/h/g/turnstile/f/ov2/av0/rch/n83g7/0x4AAAAAAADY3UwkmqCvH8VR/auto/fbE/api/normal?lang=auto:0
[   34715ms] [WARNING] %c%d font-size:0;color:transparent NaN @ https://challenges.cloudflare.com/cdn-cgi/challenge-platform/h/g/turnstile/f/ov2/av0/rch/n83g7/0x4AAAAAAADY3UwkmqCvH8VR/auto/fbE/api/normal?lang=auto:0
[   34863ms] [ERROR]  Note that 'script-src' was not explicitly set, so 'default-src' is used as a fallback. @ https://challenges.cloudflare.com/cdn-cgi/challenge-platform/h/g/turnstile/f/ov2/av0/rch/n83g7/0x4AAAAAAADY3UwkmqCvH8VR/auto/fbE/api/normal?lang=auto:0
[   38191ms] [WARNING] The resource https://challenges.cloudflare.com/cdn-cgi/challenge-platform/h/g/cmg/1 was preloaded using link preload but not used within a few seconds from the window's load event. Please make sure it has an appropriate `as` value and it is preloaded intentionally. @ https://challenges.cloudflare.com/cdn-cgi/challenge-platform/h/g/turnstile/f/ov2/av0/rch/n83g7/0x4AAAAAAADY3UwkmqCvH8VR/auto/fbE/api/normal?lang=auto:0
[   44788ms] [ERROR]  Note that 'script-src' was not explicitly set, so 'default-src' is used as a fallback. @ https://challenges.cloudflare.com/cdn-cgi/challenge-platform/h/g/turnstile/f/ov2/av0/rch/n83g7/0x4AAAAAAADY3UwkmqCvH8VR/auto/fbE/api/normal?lang=auto:0
[   45253ms] [ERROR]  Note that 'script-src' was not explicitly set, so 'default-src' is used as a fallback. @ https://challenges.cloudflare.com/cdn-cgi/challenge-platform/h/g/turnstile/f/ov2/av0/rch/n83g7/0x4AAAAAAADY3UwkmqCvH8VR/auto/fbE/api/normal?lang=auto:0
[   45364ms] [ERROR] %c%d font-size:0;color:transparent NaN @ https://challenges.cloudflare.com/cdn-cgi/challenge-platform/h/g/turnstile/f/ov2/av0/rch/n83g7/0x4AAAAAAADY3UwkmqCvH8VR/auto/fbE/api/normal?lang=auto:0
[   45364ms] [ERROR] %c%d font-size:0;color:transparent NaN @ https://challenges.cloudflare.com/cdn-cgi/challenge-platform/h/g/turnstile/f/ov2/av0/rch/n83g7/0x4AAAAAAADY3UwkmqCvH8VR/auto/fbE/api/normal?lang=auto:0
[   45365ms] [WARNING] %c%d font-size:0;color:transparent NaN @ https://challenges.cloudflare.com/cdn-cgi/challenge-platform/h/g/turnstile/f/ov2/av0/rch/n83g7/0x4AAAAAAADY3UwkmqCvH8VR/auto/fbE/api/normal?lang=auto:0
[   45365ms] [WARNING] %c%d font-size:0;color:transparent NaN @ https://challenges.cloudflare.com/cdn-cgi/challenge-platform/h/g/turnstile/f/ov2/av0/rch/n83g7/0x4AAAAAAADY3UwkmqCvH8VR/auto/fbE/api/normal?lang=auto:0
[   45489ms] [ERROR] Failed to load resource: the server responded with a status of 401 () @ https://challenges.cloudflare.com/cdn-cgi/challenge-platform/h/g/pat/9d4a84446c2971ff/1772225030027/55ce62245415cad3cd8cf69abb9760b60f23e15a7fc9e02c1406706445fdda75/1w5Wtbw3do6bmP6:0
[   48687ms] [WARNING] The resource https://challenges.cloudflare.com/cdn-cgi/challenge-platform/h/g/cmg/1 was preloaded using link preload but not used within a few seconds from the window's load event. Please make sure it has an appropriate `as` value and it is preloaded intentionally. @ https://challenges.cloudflare.com/cdn-cgi/challenge-platform/h/g/turnstile/f/ov2/av0/rch/n83g7/0x4AAAAAAADY3UwkmqCvH8VR/auto/fbE/api/normal?lang=auto:0
[   51818ms] [ERROR] Failed to load resource: the server responded with a status of 404 () @ https://haveibeenpwned.com/unifiedsearch/jen%40charitability.ca:0
[   52205ms] [ERROR]  Note that 'script-src' was not explicitly set, so 'default-src' is used as a fallback. @ https://challenges.cloudflare.com/cdn-cgi/challenge-platform/h/g/turnstile/f/ov2/av0/rch/n83g7/0x4AAAAAAADY3UwkmqCvH8VR/auto/fbE/api/normal?lang=auto:0
[   52330ms] [ERROR] %c%d font-size:0;color:transparent NaN @ https://challenges.cloudflare.com/cdn-cgi/challenge-platform/h/g/turnstile/f/ov2/av0/rch/n83g7/0x4AAAAAAADY3UwkmqCvH8VR/auto/fbE/api/normal?lang=auto:0
[   52330ms] [ERROR] %c%d font-size:0;color:transparent NaN @ https://challenges.cloudflare.com/cdn-cgi/challenge-platform/h/g/turnstile/f/ov2/av0/rch/n83g7/0x4AAAAAAADY3UwkmqCvH8VR/auto/fbE/api/normal?lang=auto:0
[   52331ms] [WARNING] %c%d font-size:0;color:transparent NaN @ https://challenges.cloudflare.com/cdn-cgi/challenge-platform/h/g/turnstile/f/ov2/av0/rch/n83g7/0x4AAAAAAADY3UwkmqCvH8VR/auto/fbE/api/normal?lang=auto:0
[   52331ms] [WARNING] %c%d font-size:0;color:transparent NaN @ https://challenges.cloudflare.com/cdn-cgi/challenge-platform/h/g/turnstile/f/ov2/av0/rch/n83g7/0x4AAAAAAADY3UwkmqCvH8VR/auto/fbE/api/normal?lang=auto:0
[   52438ms] [ERROR] Failed to load resource: the server responded with a status of 401 () @ https://challenges.cloudflare.com/cdn-cgi/challenge-platform/h/g/pat/9d4a846ffc2971ff/1772225037001/d86ee393d9590f5bf91fba098cad763cd4790737767661a42da91fd0f523022c/xNGTV4CtIPhF0ov:0
[   53130ms] [ERROR] %c%d font-size:0;color:transparent NaN @ https://challenges.cloudflare.com/cdn-cgi/challenge-platform/h/g/turnstile/f/ov2/av0/rch/n83g7/0x4AAAAAAADY3UwkmqCvH8VR/auto/fbE/api/normal?lang=auto:0
[   53130ms] [ERROR] %c%d font-size:0;color:transparent NaN @ https://challenges.cloudflare.com/cdn-cgi/challenge-platform/h/g/turnstile/f/ov2/av0/rch/n83g7/0x4AAAAAAADY3UwkmqCvH8VR/auto/fbE/api/normal?lang=auto:0
[   53131ms] [WARNING] %c%d font-size:0;color:transparent NaN @ https://challenges.cloudflare.com/cdn-cgi/challenge-platform/h/g/turnstile/f/ov2/av0/rch/n83g7/0x4AAAAAAADY3UwkmqCvH8VR/auto/fbE/api/normal?lang=auto:0
[   53131ms] [WARNING] %c%d font-size:0;color:transparent NaN @ https://challenges.cloudflare.com/cdn-cgi/challenge-platform/h/g/turnstile/f/ov2/av0/rch/n83g7/0x4AAAAAAADY3UwkmqCvH8VR/auto/fbE/api/normal?lang=auto:0
[   53204ms] [ERROR] Failed to load resource: the server responded with a status of 401 () @ https://challenges.cloudflare.com/cdn-cgi/challenge-platform/h/g/pat/9d4a8475982a71ff/1772225037907/ee8a3e40b42e74a952fbe37f9ec2a8ca52d873c3e05f0ef633681816200c5096/y9i1iaYiwruhpeo:0
[   53253ms] [ERROR]  Note that 'script-src' was not explicitly set, so 'default-src' is used as a fallback. @ https://challenges.cloudflare.com/cdn-cgi/challenge-platform/h/g/turnstile/f/ov2/av0/rch/n83g7/0x4AAAAAAADY3UwkmqCvH8VR/auto/fbE/api/normal?lang=auto:0
[   56557ms] [WARNING] The resource https://challenges.cloudflare.com/cdn-cgi/challenge-platform/h/g/cmg/1 was preloaded using link preload but not used within a few seconds from the window's load event. Please make sure it has an appropriate `as` value and it is preloaded intentionally. @ https://challenges.cloudflare.com/cdn-cgi/challenge-platform/h/g/turnstile/f/ov2/av0/rch/n83g7/0x4AAAAAAADY3UwkmqCvH8VR/auto/fbE/api/normal?lang=auto:0
