[   77915ms] [ERROR] Failed to load resource: the server responded with a status of 429 () @ https://whatsmyname.app/wmn.php?uri=https://www.plurk.com/msjencat:0
[   77931ms] [ERROR] Failed to load resource: the server responded with a status of 429 () @ https://whatsmyname.app/wmn.php?uri=https://poe.com/profile/msjencat:0
[   77932ms] [ERROR] Failed to load resource: the server responded with a status of 429 () @ https://whatsmyname.app/wmn.php?uri=https://pokemonshowdown.com/users/msjencat:0
[   77934ms] [ERROR] Failed to load resource: the server responded with a status of 429 () @ https://whatsmyname.app/wmn.php?uri=https://www.polygon.com/users/msjencat:0
[   77935ms] [ERROR] Failed to load resource: the server responded with a status of 429 () @ https://whatsmyname.app/wmn.php?uri=https://api.polarsteps.com/users/byusername/msjencat:0
[   77935ms] [ERROR] Failed to load resource: the server responded with a status of 429 () @ https://whatsmyname.app/wmn.php?uri=https://pokec.azet.sk/msjencat:0
[   77935ms] [ERROR] Failed to load resource: the server responded with a status of 429 () @ https://whatsmyname.app/wmn.php?uri=http://www.policja2009.fora.pl/search.php?search_author=msjencat:0
[   77935ms] [ERROR] Failed to load resource: the server responded with a status of 429 () @ https://whatsmyname.app/wmn.php?uri=https://poplme.co/msjencat:0
[   77935ms] [ERROR] Failed to load resource: the server responded with a status of 429 () @ https://whatsmyname.app/wmn.php?uri=https://pr0gramm.com/api/profile/info?name=msjencat:0
[   77935ms] [ERROR] Failed to load resource: the server responded with a status of 429 () @ https://whatsmyname.app/wmn.php?uri=https://discuss.privacyguides.net/u/msjencat.json:0
[   77936ms] [ERROR] Failed to load resource: the server responded with a status of 429 () @ https://whatsmyname.app/wmn.php?uri=https://pollev.com/proxy/api/users/msjencat:0
[   77936ms] [ERROR] Failed to load resource: the server responded with a status of 429 () @ https://whatsmyname.app/wmn.php?uri=https://poshmark.com/closet/msjencat:0
[   77936ms] [ERROR] Failed to load resource: the server responded with a status of 429 () @ https://whatsmyname.app/wmn.php?uri=https://www.postcrossing.com/user/msjencat:0
[   77936ms] [ERROR] Failed to load resource: the server responded with a status of 429 () @ https://whatsmyname.app/wmn.php?uri=https://www.producthunt.com/@msjencat:0
[   77936ms] [ERROR] Failed to load resource: the server responded with a status of 429 () @ https://whatsmyname.app/wmn.php?uri=https://poweredbygay.social/api/v1/accounts/lookup?acct=msjencat:0
[   77937ms] [ERROR] Failed to load resource: the server responded with a status of 429 () @ https://whatsmyname.app/wmn.php?uri=https://api.polarsteps.com/users/byusername/mattasross:0
[   77937ms] [ERROR] Failed to load resource: the server responded with a status of 429 () @ https://whatsmyname.app/wmn.php?uri=https://poe.com/profile/mattasross:0
[   77937ms] [ERROR] Failed to load resource: the server responded with a status of 429 () @ https://whatsmyname.app/wmn.php?uri=https://polczat.pl/forum/profile/msjencat/:0
[   77937ms] [ERROR] Failed to load resource: the server responded with a status of 429 () @ https://whatsmyname.app/wmn.php?uri=https://pravda.me/@msjencat:0
[   77939ms] [ERROR] Failed to load resource: the server responded with a status of 429 () @ https://whatsmyname.app/wmn.php?uri=https://www.postcrossing.com/user/mattasross:0
[   77939ms] [ERROR] Failed to load resource: the server responded with a status of 429 () @ https://whatsmyname.app/wmn.php?uri=https://pollev.com/proxy/api/users/mattasross:0
[   77940ms] [ERROR] Failed to load resource: the server responded with a status of 429 () @ https://whatsmyname.app/wmn.php?uri=https://poshmark.com/closet/mattasross:0
[   77940ms] [ERROR] Failed to load resource: the server responded with a status of 429 () @ https://whatsmyname.app/wmn.php?uri=https://www.polygon.com/users/mattasross:0
[   77940ms] [ERROR] Failed to load resource: the server responded with a status of 429 () @ https://whatsmyname.app/wmn.php?uri=http://www.policja2009.fora.pl/search.php?search_author=mattasross:0
[   77941ms] [ERROR] Failed to load resource: the server responded with a status of 429 () @ https://whatsmyname.app/wmn.php?uri=https://polczat.pl/forum/profile/mattasross/:0
[   77941ms] [ERROR] Failed to load resource: the server responded with a status of 429 () @ https://whatsmyname.app/wmn.php?uri=https://poweredbygay.social/api/v1/accounts/lookup?acct=mattasross:0
[   77941ms] [ERROR] Failed to load resource: the server responded with a status of 429 () @ https://whatsmyname.app/wmn.php?uri=https://pr0gramm.com/api/profile/info?name=mattasross:0
[   77941ms] [ERROR] Failed to load resource: the server responded with a status of 429 () @ https://whatsmyname.app/wmn.php?uri=https://pravda.me/@mattasross:0
[   77942ms] [ERROR] Failed to load resource: the server responded with a status of 429 () @ https://whatsmyname.app/wmn.php?uri=https://pokec.azet.sk/mattasross:0
[   77942ms] [ERROR] Failed to load resource: the server responded with a status of 429 () @ https://whatsmyname.app/wmn.php?uri=https://www.plurk.com/mattasross:0
[   77942ms] [ERROR] Failed to load resource: the server responded with a status of 429 () @ https://whatsmyname.app/wmn.php?uri=https://pokemonshowdown.com/users/mattasross:0
[   77942ms] [ERROR] Failed to load resource: the server responded with a status of 429 () @ https://whatsmyname.app/wmn.php?uri=https://discuss.privacyguides.net/u/mattasross.json:0
[   77942ms] [ERROR] Failed to load resource: the server responded with a status of 429 () @ https://whatsmyname.app/wmn.php?uri=https://www.producthunt.com/@mattasross:0
[   77943ms] [ERROR] Failed to load resource: the server responded with a status of 429 () @ https://whatsmyname.app/wmn.php?uri=https://poplme.co/mattasross:0
[   79921ms] [ERROR] Failed to load resource: the server responded with a status of 429 () @ https://whatsmyname.app/wmn.php?uri=https://pronouns.page/api/profile/get/msjencat?version=2:0
[   79921ms] [ERROR] Failed to load resource: the server responded with a status of 429 () @ https://whatsmyname.app/wmn.php?uri=https://pronouny.xyz/api/users/profile/username/msjencat:0
[   79921ms] [ERROR] Failed to load resource: the server responded with a status of 429 () @ https://whatsmyname.app/wmn.php?uri=https://prose.astral.camp/msjencat/:0
[   79922ms] [ERROR] Failed to load resource: the server responded with a status of 429 () @ https://whatsmyname.app/wmn.php?uri=msjencathttps://promodj.com/ajax/register.html?lang=en:0
[   79922ms] [ERROR] Failed to load resource: the server responded with a status of 429 () @ https://whatsmyname.app/wmn.php?uri=https://public.com/@msjencat:0
[   79922ms] [ERROR] Failed to load resource: the server responded with a status of 429 () @ https://whatsmyname.app/wmn.php?uri=https://www.quora.com/profile/msjencat:0
[   79923ms] [ERROR] Failed to load resource: the server responded with a status of 429 () @ https://whatsmyname.app/wmn.php?uri=https://quitter.pl/api/v1/accounts/msjencat:0
[   79923ms] [ERROR] Failed to load resource: the server responded with a status of 429 () @ https://whatsmyname.app/wmn.php?uri=https://pypi.org/user/msjencat/:0
[   79923ms] [ERROR] Failed to load resource: the server responded with a status of 429 () @ https://whatsmyname.app/wmn.php?uri=https://queer.pl/user/msjencat:0
[   79924ms] [ERROR] Failed to load resource: the server responded with a status of 429 () @ https://whatsmyname.app/wmn.php?uri=https://quizlet.com/webapi/3.2/users/check-username?username=msjencat:0
[   79924ms] [ERROR] Failed to load resource: the server responded with a status of 429 () @ https://whatsmyname.app/wmn.php?uri=https://rarible.com/marketplace/api/v4/urls/msjencat:0
[   79924ms] [ERROR] Failed to load resource: the server responded with a status of 429 () @ https://whatsmyname.app/wmn.php?uri=https://raddle.me/user/msjencat:0
[   79924ms] [ERROR] Failed to load resource: the server responded with a status of 429 () @ https://whatsmyname.app/wmn.php?uri=https://www.reddit.com/user/msjencat/about.json:0
[   79925ms] [ERROR] Failed to load resource: the server responded with a status of 429 () @ https://whatsmyname.app/wmn.php?uri=https://rant.li/msjencat/:0
[   79925ms] [ERROR] Failed to load resource: the server responded with a status of 429 () @ https://whatsmyname.app/wmn.php?uri=https://www.prv.pl/osoba/msjencat:0
[   79925ms] [ERROR] Failed to load resource: the server responded with a status of 429 () @ https://whatsmyname.app/wmn.php?uri=https://refsheet.net/msjencat:0
[   79925ms] [ERROR] Failed to load resource: the server responded with a status of 429 () @ https://whatsmyname.app/wmn.php?uri=https://www.redbubble.com/people/msjencat/shop:0
[   79941ms] [ERROR] Failed to load resource: the server responded with a status of 429 () @ https://whatsmyname.app/wmn.php?uri=https://www.researchgate.net/profile/msjencat:0
[   79942ms] [ERROR] Failed to load resource: the server responded with a status of 429 () @ https://whatsmyname.app/wmn.php?uri=https://queer.pl/user/mattasross:0
[   79942ms] [ERROR] Failed to load resource: the server responded with a status of 429 () @ https://whatsmyname.app/wmn.php?uri=https://replit.com/@msjencat:0
[   79942ms] [ERROR] Failed to load resource: the server responded with a status of 429 () @ https://whatsmyname.app/wmn.php?uri=https://www.prv.pl/osoba/mattasross:0
[   79942ms] [ERROR] Failed to load resource: the server responded with a status of 429 () @ https://whatsmyname.app/wmn.php?uri=mattasrosshttps://promodj.com/ajax/register.html?lang=en:0
[   79947ms] [ERROR] Failed to load resource: the server responded with a status of 429 () @ https://whatsmyname.app/wmn.php?uri=https://pronouns.page/api/profile/get/mattasross?version=2:0
[   79947ms] [ERROR] Failed to load resource: the server responded with a status of 429 () @ https://whatsmyname.app/wmn.php?uri=https://prose.astral.camp/mattasross/:0
[   79947ms] [ERROR] Failed to load resource: the server responded with a status of 429 () @ https://whatsmyname.app/wmn.php?uri=https://public.com/@mattasross:0
[   79948ms] [ERROR] Failed to load resource: the server responded with a status of 429 () @ https://whatsmyname.app/wmn.php?uri=https://quitter.pl/api/v1/accounts/mattasross:0
[   79948ms] [ERROR] Failed to load resource: the server responded with a status of 429 () @ https://whatsmyname.app/wmn.php?uri=https://www.quora.com/profile/mattasross:0
[   79949ms] [ERROR] Failed to load resource: the server responded with a status of 429 () @ https://whatsmyname.app/wmn.php?uri=https://rant.li/mattasross/:0
[   79949ms] [ERROR] Failed to load resource: the server responded with a status of 429 () @ https://whatsmyname.app/wmn.php?uri=https://pypi.org/user/mattasross/:0
[   79949ms] [ERROR] Failed to load resource: the server responded with a status of 429 () @ https://whatsmyname.app/wmn.php?uri=https://www.reddit.com/user/mattasross/about.json:0
[   79949ms] [ERROR] Failed to load resource: the server responded with a status of 429 () @ https://whatsmyname.app/wmn.php?uri=https://www.redbubble.com/people/mattasross/shop:0
[   79950ms] [ERROR] Failed to load resource: the server responded with a status of 429 () @ https://whatsmyname.app/wmn.php?uri=https://raddle.me/user/mattasross:0
[   79950ms] [ERROR] Failed to load resource: the server responded with a status of 429 () @ https://whatsmyname.app/wmn.php?uri=https://rarible.com/marketplace/api/v4/urls/mattasross:0
[   79950ms] [ERROR] Failed to load resource: the server responded with a status of 429 () @ https://whatsmyname.app/wmn.php?uri=https://quizlet.com/webapi/3.2/users/check-username?username=mattasross:0
[   79950ms] [ERROR] Failed to load resource: the server responded with a status of 429 () @ https://whatsmyname.app/wmn.php?uri=https://pronouny.xyz/api/users/profile/username/mattasross:0
[   79964ms] [ERROR] Failed to load resource: the server responded with a status of 429 () @ https://whatsmyname.app/wmn.php?uri=https://refsheet.net/mattasross:0
[   79964ms] [ERROR] Failed to load resource: the server responded with a status of 429 () @ https://whatsmyname.app/wmn.php?uri=https://www.researchgate.net/profile/mattasross:0
[   79965ms] [ERROR] Failed to load resource: the server responded with a status of 429 () @ https://whatsmyname.app/wmn.php?uri=https://replit.com/@mattasross:0
[   81919ms] [ERROR] Failed to load resource: the server responded with a status of 429 () @ https://whatsmyname.app/wmn.php?uri=https://resumes.actorsaccess.com/msjencat:0
[   81920ms] [ERROR] Failed to load resource: the server responded with a status of 429 () @ https://whatsmyname.app/wmn.php?uri=https://routinehub.co/user/msjencat:0
[   81921ms] [ERROR] Failed to load resource: the server responded with a status of 429 () @ https://whatsmyname.app/wmn.php?uri=https://rubygems.org/api/v1/profiles/msjencat.json:0
[   81921ms] [ERROR] Failed to load resource: the server responded with a status of 429 () @ https://whatsmyname.app/wmn.php?uri=https://rumble.com/c/msjencat:0
[   81921ms] [ERROR] Failed to load resource: the server responded with a status of 429 () @ https://whatsmyname.app/wmn.php?uri=https://revolut.me/api/web-profile/msjencat:0
[   81921ms] [ERROR] Failed to load resource: the server responded with a status of 429 () @ https://whatsmyname.app/wmn.php?uri=https://robertsspaceindustries.com/citizens/msjencat:0
[   81922ms] [ERROR] Failed to load resource: the server responded with a status of 429 () @ https://whatsmyname.app/wmn.php?uri=https://rumble.com/user/msjencat:0
[   81922ms] [ERROR] Failed to load resource: the server responded with a status of 429 () @ https://whatsmyname.app/wmn.php?uri=https://scored.co/api/v2/user/about.json?user=msjencat:0
[   81922ms] [ERROR] Failed to load resource: the server responded with a status of 429 () @ https://whatsmyname.app/wmn.php?uri=https://ruvoip.net/members/msjencat/:0
[   81922ms] [ERROR] Failed to load resource: the server responded with a status of 429 () @ https://whatsmyname.app/wmn.php?uri=https://risk.ru/people/msjencat:0
[   81923ms] [ERROR] Failed to load resource: the server responded with a status of 429 () @ https://whatsmyname.app/wmn.php?uri=https://scammer.info/u/msjencat.json:0
[   81923ms] [ERROR] Failed to load resource: the server responded with a status of 429 () @ https://whatsmyname.app/wmn.php?uri=https://rutracker.org/forum/profile.php?mode=viewprofile&u=msjencat:0
[   81923ms] [ERROR] Failed to load resource: the server responded with a status of 429 () @ https://whatsmyname.app/wmn.php?uri=https://apps.runescape.com/runemetrics/profile/profile?user=msjencat:0
[   81924ms] [ERROR] Failed to load resource: the server responded with a status of 429 () @ https://whatsmyname.app/wmn.php?uri=https://auth.roblox.com/v1/usernames/validate?username=msjencat&birthday=2019-12-31T23:00:00.000Z:0
[   81924ms] [ERROR] Failed to load resource: the server responded with a status of 429 () @ https://whatsmyname.app/wmn.php?uri=https://www.salon24.pl/u/msjencat/:0
[   81925ms] [ERROR] Failed to load resource: the server responded with a status of 429 () @ https://whatsmyname.app/wmn.php?uri=https://en.scoutwiki.org/User:msjencat:0
[   81935ms] [ERROR] Failed to load resource: the server responded with a status of 429 () @ https://whatsmyname.app/wmn.php?uri=https://ru.123rf.com/profile_msjencat:0
[   81937ms] [ERROR] Failed to load resource: the server responded with a status of 429 () @ https://whatsmyname.app/wmn.php?uri=https://api.scratch.mit.edu/accounts/checkusername/msjencat/:0
[   81937ms] [ERROR] Failed to load resource: the server responded with a status of 429 () @ https://whatsmyname.app/wmn.php?uri=https://searchengines.guru/ru/search?keyword=&author=msjencat&sortByDate=true:0
[   81940ms] [ERROR] Failed to load resource: the server responded with a status of 429 () @ https://whatsmyname.app/wmn.php?uri=https://www.scribd.com/search/query?query=msjencat&verbatim=true:0
[   81940ms] [ERROR] Failed to load resource: the server responded with a status of 429 () @ https://whatsmyname.app/wmn.php?uri=https://revolut.me/api/web-profile/mattasross:0
[   81942ms] [ERROR] Failed to load resource: the server responded with a status of 429 () @ https://whatsmyname.app/wmn.php?uri=https://robertsspaceindustries.com/citizens/mattasross:0
[   81942ms] [ERROR] Failed to load resource: the server responded with a status of 429 () @ https://whatsmyname.app/wmn.php?uri=https://routinehub.co/user/mattasross:0
[   81942ms] [ERROR] Failed to load resource: the server responded with a status of 429 () @ https://whatsmyname.app/wmn.php?uri=https://ru.123rf.com/profile_mattasross:0
[   81942ms] [ERROR] Failed to load resource: the server responded with a status of 429 () @ https://whatsmyname.app/wmn.php?uri=https://resumes.actorsaccess.com/mattasross:0
[   81942ms] [ERROR] Failed to load resource: the server responded with a status of 429 () @ https://whatsmyname.app/wmn.php?uri=https://auth.roblox.com/v1/usernames/validate?username=mattasross&birthday=2019-12-31T23:00:00.000Z:0
[   81942ms] [ERROR] Failed to load resource: the server responded with a status of 429 () @ https://whatsmyname.app/wmn.php?uri=https://rumble.com/user/mattasross:0
[   81943ms] [ERROR] Failed to load resource: the server responded with a status of 429 () @ https://whatsmyname.app/wmn.php?uri=https://rutracker.org/forum/profile.php?mode=viewprofile&u=mattasross:0
[   81944ms] [ERROR] Failed to load resource: the server responded with a status of 429 () @ https://whatsmyname.app/wmn.php?uri=https://rubygems.org/api/v1/profiles/mattasross.json:0
[   81945ms] [ERROR] Failed to load resource: the server responded with a status of 429 () @ https://whatsmyname.app/wmn.php?uri=https://www.salon24.pl/u/mattasross/:0
[   81945ms] [ERROR] Failed to load resource: the server responded with a status of 429 () @ https://whatsmyname.app/wmn.php?uri=https://rumble.com/c/mattasross:0
[   81945ms] [ERROR] Failed to load resource: the server responded with a status of 429 () @ https://whatsmyname.app/wmn.php?uri=https://apps.runescape.com/runemetrics/profile/profile?user=mattasross:0
[   81945ms] [ERROR] Failed to load resource: the server responded with a status of 429 () @ https://whatsmyname.app/wmn.php?uri=https://ruvoip.net/members/mattasross/:0
[   81946ms] [ERROR] Failed to load resource: the server responded with a status of 429 () @ https://whatsmyname.app/wmn.php?uri=https://scammer.info/u/mattasross.json:0
[   81946ms] [ERROR] Failed to load resource: the server responded with a status of 429 () @ https://whatsmyname.app/wmn.php?uri=https://risk.ru/people/mattasross:0
[   81956ms] [ERROR] Failed to load resource: the server responded with a status of 429 () @ https://whatsmyname.app/wmn.php?uri=https://searchengines.guru/ru/search?keyword=&author=mattasross&sortByDate=true:0
[   81957ms] [ERROR] Failed to load resource: the server responded with a status of 429 () @ https://whatsmyname.app/wmn.php?uri=https://api.scratch.mit.edu/accounts/checkusername/mattasross/:0
[   81957ms] [ERROR] Failed to load resource: the server responded with a status of 429 () @ https://whatsmyname.app/wmn.php?uri=https://scored.co/api/v2/user/about.json?user=mattasross:0
[   81957ms] [ERROR] Failed to load resource: the server responded with a status of 429 () @ https://whatsmyname.app/wmn.php?uri=https://www.scribd.com/search/query?query=mattasross&verbatim=true:0
[   81957ms] [ERROR] Failed to load resource: the server responded with a status of 429 () @ https://whatsmyname.app/wmn.php?uri=https://en.scoutwiki.org/User:mattasross:0
[   83939ms] [ERROR] Failed to load resource: the server responded with a status of 429 () @ https://whatsmyname.app/wmn.php?uri=https://secure.donationpay.org/msjencat/:0
[   83963ms] [ERROR] Failed to load resource: the server responded with a status of 429 () @ https://whatsmyname.app/wmn.php?uri=https://www.seoclerks.com/user/msjencat:0
[   83963ms] [ERROR] Failed to load resource: the server responded with a status of 429 () @ https://whatsmyname.app/wmn.php?uri=https://sedispace.com/@msjencat:0
[   83963ms] [ERROR] Failed to load resource: the server responded with a status of 429 () @ https://whatsmyname.app/wmn.php?uri=https://www.shutterstock.com/g/msjencat:0
[   83964ms] [ERROR] Failed to load resource: the server responded with a status of 429 () @ https://whatsmyname.app/wmn.php?uri=https://www.setlist.fm/user/msjencat:0
[   83964ms] [ERROR] Failed to load resource: the server responded with a status of 429 () @ https://whatsmyname.app/wmn.php?uri=https://skeb.jp/@msjencat:0
[   83964ms] [ERROR] Failed to load resource: the server responded with a status of 429 () @ https://whatsmyname.app/wmn.php?uri=https://msjencat.myshopify.com:0
[   83965ms] [ERROR] Failed to load resource: the server responded with a status of 429 () @ https://whatsmyname.app/wmn.php?uri=https://www.simpleplanes.com/u/msjencat:0
[   83965ms] [ERROR] Failed to load resource: the server responded with a status of 429 () @ https://whatsmyname.app/wmn.php?uri=https://www.slideshare.net/msjencat:0
[   83965ms] [ERROR] Failed to load resource: the server responded with a status of 429 () @ https://whatsmyname.app/wmn.php?uri=https://slides.com/msjencat:0
[   83965ms] [ERROR] Failed to load resource: the server responded with a status of 429 () @ https://whatsmyname.app/wmn.php?uri=https://www.slant.co/users/msjencat:0
[   83966ms] [ERROR] Failed to load resource: the server responded with a status of 429 () @ https://whatsmyname.app/wmn.php?uri=https://smashrun.com/msjencat/:0
[   83966ms] [ERROR] Failed to load resource: the server responded with a status of 429 () @ https://whatsmyname.app/wmn.php?uri=https://msjencat.smugmug.com:0
[   83966ms] [ERROR] Failed to load resource: the server responded with a status of 429 () @ https://whatsmyname.app/wmn.php?uri=https://secure.donationpay.org/mattasross/:0
[   83966ms] [ERROR] Failed to load resource: the server responded with a status of 429 () @ https://whatsmyname.app/wmn.php?uri=https://www.sentimente.com/amp/msjencat.html:0
[   83967ms] [ERROR] Failed to load resource: the server responded with a status of 429 () @ https://whatsmyname.app/wmn.php?uri=https://www.setlist.fm/user/mattasross:0
[   83967ms] [ERROR] Failed to load resource: the server responded with a status of 429 () @ https://whatsmyname.app/wmn.php?uri=https://sedispace.com/@mattasross:0
[   83967ms] [ERROR] Failed to load resource: the server responded with a status of 429 () @ https://whatsmyname.app/wmn.php?uri=https://www.smelsy.com/profile/msjencat:0
[   83967ms] [ERROR] Failed to load resource: the server responded with a status of 429 () @ https://whatsmyname.app/wmn.php?uri=https://www.sfd.pl/profile/msjencat:0
[   83967ms] [ERROR] Failed to load resource: the server responded with a status of 429 () @ https://whatsmyname.app/wmn.php?uri=https://www.shutterstock.com/g/mattasross:0
[   83968ms] [ERROR] Failed to load resource: the server responded with a status of 429 () @ https://whatsmyname.app/wmn.php?uri=https://www.simpleplanes.com/u/mattasross:0
[   83968ms] [ERROR] Failed to load resource: the server responded with a status of 429 () @ https://whatsmyname.app/wmn.php?uri=https://www.sentimente.com/amp/mattasross.html:0
[   83968ms] [ERROR] Failed to load resource: the server responded with a status of 429 () @ https://whatsmyname.app/wmn.php?uri=https://mattasross.smugmug.com:0
[   83969ms] [ERROR] Failed to load resource: the server responded with a status of 429 () @ https://whatsmyname.app/wmn.php?uri=https://skeb.jp/@mattasross:0
[   83969ms] [ERROR] Failed to load resource: the server responded with a status of 429 () @ https://whatsmyname.app/wmn.php?uri=https://www.slant.co/users/mattasross:0
[   83969ms] [ERROR] Failed to load resource: the server responded with a status of 429 () @ https://whatsmyname.app/wmn.php?uri=https://slides.com/mattasross:0
[   83970ms] [ERROR] Failed to load resource: the server responded with a status of 429 () @ https://whatsmyname.app/wmn.php?uri=https://www.sfd.pl/profile/mattasross:0
[   83970ms] [ERROR] Failed to load resource: the server responded with a status of 429 () @ https://whatsmyname.app/wmn.php?uri=https://smashrun.com/mattasross/:0
[   83971ms] [ERROR] Failed to load resource: the server responded with a status of 429 () @ https://whatsmyname.app/wmn.php?uri=https://www.seoclerks.com/user/mattasross:0
[   83971ms] [ERROR] Failed to load resource: the server responded with a status of 429 () @ https://whatsmyname.app/wmn.php?uri=https://www.smelsy.com/profile/mattasross:0
[   83971ms] [ERROR] Failed to load resource: the server responded with a status of 429 () @ https://whatsmyname.app/wmn.php?uri=https://mattasross.myshopify.com:0
[   83971ms] [ERROR] Failed to load resource: the server responded with a status of 429 () @ https://whatsmyname.app/wmn.php?uri=https://www.slideshare.net/mattasross:0
[   85963ms] [ERROR] Failed to load resource: the server responded with a status of 429 () @ https://whatsmyname.app/wmn.php?uri=https://www.smule.com/api/profile/?handle=msjencat:0
[   85992ms] [ERROR] Failed to load resource: the server responded with a status of 429 () @ https://whatsmyname.app/wmn.php?uri=https://www.snapchat.com/@msjencat:0
[   85993ms] [ERROR] Failed to load resource: the server responded with a status of 429 () @ https://whatsmyname.app/wmn.php?uri=https://snipfeed.co/msjencat:0
[   85993ms] [ERROR] Failed to load resource: the server responded with a status of 429 () @ https://whatsmyname.app/wmn.php?uri=https://open.spotify.com/user/msjencat:0
[   85993ms] [ERROR] Failed to load resource: the server responded with a status of 429 () @ https://whatsmyname.app/wmn.php?uri=https://soc.citizen4.eu/profile/msjencat/profile:0
[   85993ms] [ERROR] Failed to load resource: the server responded with a status of 429 () @ https://whatsmyname.app/wmn.php?uri=https://stackshare.io/msjencat:0
[   85994ms] [ERROR] Failed to load resource: the server responded with a status of 429 () @ https://whatsmyname.app/wmn.php?uri=https://snipfeed.co/mattasross:0
[   85994ms] [ERROR] Failed to load resource: the server responded with a status of 429 () @ https://whatsmyname.app/wmn.php?uri=https://social.bund.de/@msjencat:0
[   85994ms] [ERROR] Failed to load resource: the server responded with a status of 429 () @ https://whatsmyname.app/wmn.php?uri=https://msjencat.sofurry.com:0
[   85995ms] [ERROR] Failed to load resource: the server responded with a status of 429 () @ https://whatsmyname.app/wmn.php?uri=https://www.smule.com/api/profile/?handle=mattasross:0
[   86008ms] [ERROR] Failed to load resource: the server responded with a status of 429 () @ https://whatsmyname.app/wmn.php?uri=https://www.snapchat.com/@mattasross:0
[   86008ms] [ERROR] Failed to load resource: the server responded with a status of 429 () @ https://whatsmyname.app/wmn.php?uri=https://social.msdn.microsoft.com/profile/msjencat:0
[   86008ms] [ERROR] Failed to load resource: the server responded with a status of 429 () @ https://whatsmyname.app/wmn.php?uri=https://social.bund.de/@mattasross:0
[   86009ms] [ERROR] Failed to load resource: the server responded with a status of 429 () @ https://whatsmyname.app/wmn.php?uri=https://soc.citizen4.eu/profile/mattasross/profile:0
[   86009ms] [ERROR] Failed to load resource: the server responded with a status of 429 () @ https://whatsmyname.app/wmn.php?uri=https://solo.to/msjencat:0
[   86009ms] [ERROR] Failed to load resource: the server responded with a status of 429 () @ https://whatsmyname.app/wmn.php?uri=https://soundcloud.com/msjencat:0
[   86009ms] [ERROR] Failed to load resource: the server responded with a status of 429 () @ https://whatsmyname.app/wmn.php?uri=https://social.msdn.microsoft.com/profile/mattasross:0
[   86009ms] [ERROR] Failed to load resource: the server responded with a status of 429 () @ https://whatsmyname.app/wmn.php?uri=https://www.soup.io/author/msjencat:0
[   86009ms] [ERROR] Failed to load resource: the server responded with a status of 429 () @ https://whatsmyname.app/wmn.php?uri=https://www.speedrun.com/user/msjencat/:0
[   86009ms] [ERROR] Failed to load resource: the server responded with a status of 429 () @ https://whatsmyname.app/wmn.php?uri=https://soundcloud.com/mattasross:0
[   86009ms] [ERROR] Failed to load resource: the server responded with a status of 429 () @ https://whatsmyname.app/wmn.php?uri=https://www.sporcle.com/user/msjencat/people/:0
[   86009ms] [ERROR] Failed to load resource: the server responded with a status of 429 () @ https://whatsmyname.app/wmn.php?uri=https://www.spoj.com/users/msjencat/:0
[   86009ms] [ERROR] Failed to load resource: the server responded with a status of 429 () @ https://whatsmyname.app/wmn.php?uri=https://sourceforge.net/rest/u/mattasross/profile:0
[   86009ms] [ERROR] Failed to load resource: the server responded with a status of 429 () @ https://whatsmyname.app/wmn.php?uri=https://api.sports-tracker.com/apiserver/v1/user/name/msjencat:0
[   86009ms] [ERROR] Failed to load resource: the server responded with a status of 429 () @ https://whatsmyname.app/wmn.php?uri=https://www.speedrun.com/user/mattasross/:0
[   86010ms] [ERROR] Failed to load resource: the server responded with a status of 429 () @ https://whatsmyname.app/wmn.php?uri=https://speakerdeck.com/mattasross/:0
[   86010ms] [ERROR] Failed to load resource: the server responded with a status of 429 () @ https://whatsmyname.app/wmn.php?uri=https://community.spiceworks.com/people/msjencat:0
[   86010ms] [ERROR] Failed to load resource: the server responded with a status of 429 () @ https://whatsmyname.app/wmn.php?uri=https://www.soup.io/author/mattasross:0
[   86010ms] [ERROR] Failed to load resource: the server responded with a status of 429 () @ https://whatsmyname.app/wmn.php?uri=https://solo.to/mattasross:0
[   86010ms] [ERROR] Failed to load resource: the server responded with a status of 429 () @ https://whatsmyname.app/wmn.php?uri=https://mattasross.sofurry.com:0
[   86010ms] [ERROR] Failed to load resource: the server responded with a status of 429 () @ https://whatsmyname.app/wmn.php?uri=https://sourceforge.net/rest/u/msjencat/profile:0
[   86010ms] [ERROR] Failed to load resource: the server responded with a status of 429 () @ https://whatsmyname.app/wmn.php?uri=https://api.stackexchange.com/2.3/users?order=desc&sort=name&inname=msjencat&site=stackoverflow:0
[   86010ms] [ERROR] Failed to load resource: the server responded with a status of 429 () @ https://whatsmyname.app/wmn.php?uri=https://speakerdeck.com/msjencat/:0
[   86010ms] [ERROR] Failed to load resource: the server responded with a status of 429 () @ https://whatsmyname.app/wmn.php?uri=https://www.spoj.com/users/mattasross/:0
[   86010ms] [ERROR] Failed to load resource: the server responded with a status of 429 () @ https://whatsmyname.app/wmn.php?uri=https://api.sports-tracker.com/apiserver/v1/user/name/mattasross:0
[   86011ms] [ERROR] Failed to load resource: the server responded with a status of 429 () @ https://whatsmyname.app/wmn.php?uri=https://stackshare.io/mattasross:0
[   86011ms] [ERROR] Failed to load resource: the server responded with a status of 429 () @ https://whatsmyname.app/wmn.php?uri=https://www.sporcle.com/user/mattasross/people/:0
[   86011ms] [ERROR] Failed to load resource: the server responded with a status of 429 () @ https://whatsmyname.app/wmn.php?uri=https://community.spiceworks.com/people/mattasross:0
[   86011ms] [ERROR] Failed to load resource: the server responded with a status of 429 () @ https://whatsmyname.app/wmn.php?uri=https://open.spotify.com/user/mattasross:0
[   86011ms] [ERROR] Failed to load resource: the server responded with a status of 429 () @ https://whatsmyname.app/wmn.php?uri=https://api.stackexchange.com/2.3/users?order=desc&sort=name&inname=mattasross&site=stackoverflow:0
[   87948ms] [ERROR] Failed to load resource: the server responded with a status of 429 () @ https://whatsmyname.app/wmn.php?uri=https://msjencat.statuspage.io/api/v2/status.json:0
[   87955ms] [ERROR] Failed to load resource: the server responded with a status of 429 () @ https://whatsmyname.app/wmn.php?uri=https://api.streamelements.com/kappa/v2/channels/msjencat:0
[   87955ms] [ERROR] Failed to load resource: the server responded with a status of 429 () @ https://whatsmyname.app/wmn.php?uri=https://www.steamgifts.com/user/msjencat:0
[   87956ms] [ERROR] Failed to load resource: the server responded with a status of 429 () @ https://whatsmyname.app/wmn.php?uri=https://steamcommunity.com/id/msjencat:0
[   87956ms] [ERROR] Failed to load resource: the server responded with a status of 429 () @ https://whatsmyname.app/wmn.php?uri=https://archive.storycorps.org/user/msjencat/:0
[   87956ms] [ERROR] Failed to load resource: the server responded with a status of 429 () @ https://whatsmyname.app/wmn.php?uri=https://www.strava.com/athletes/msjencat:0
[   87956ms] [ERROR] Failed to load resource: the server responded with a status of 429 () @ https://whatsmyname.app/wmn.php?uri=https://steller.co/msjencat:0
[   87957ms] [ERROR] Failed to load resource: the server responded with a status of 429 () @ https://whatsmyname.app/wmn.php?uri=https://substack.com/@msjencat:0
[   87957ms] [ERROR] Failed to load resource: the server responded with a status of 429 () @ https://whatsmyname.app/wmn.php?uri=msjencathttps://signup.steemit.com/api/check_username:0
[   87957ms] [ERROR] Failed to load resource: the server responded with a status of 429 () @ https://whatsmyname.app/wmn.php?uri=https://www.tabletoptournaments.net/eu/player/msjencat:0
[   87958ms] [ERROR] Failed to load resource: the server responded with a status of 429 () @ https://whatsmyname.app/wmn.php?uri=https://suzuri.jp/msjencat:0
[   87958ms] [ERROR] Failed to load resource: the server responded with a status of 429 () @ https://whatsmyname.app/wmn.php?uri=https://tanuki.pl/profil/msjencat:0
[   87958ms] [ERROR] Failed to load resource: the server responded with a status of 429 () @ https://whatsmyname.app/wmn.php?uri=https://account.tapitag.co/tapitag/api/v1/msjencat:0
[   87958ms] [ERROR] Failed to load resource: the server responded with a status of 429 () @ https://whatsmyname.app/wmn.php?uri=https://streamlabs.com/api/v6/user/msjencat:0
[   87958ms] [ERROR] Failed to load resource: the server responded with a status of 429 () @ https://whatsmyname.app/wmn.php?uri=https://secure.tagged.com/msjencat:0
[   87958ms] [ERROR] Failed to load resource: the server responded with a status of 429 () @ https://whatsmyname.app/wmn.php?uri=https://tamtam.chat/msjencat:0
[   87959ms] [ERROR] Failed to load resource: the server responded with a status of 429 () @ https://whatsmyname.app/wmn.php?uri=https://szmer.info/u/msjencat:0
[   87972ms] [ERROR] Failed to load resource: the server responded with a status of 429 () @ https://whatsmyname.app/wmn.php?uri=https://archive.storycorps.org/user/mattasross/:0
[   87972ms] [ERROR] Failed to load resource: the server responded with a status of 429 () @ https://whatsmyname.app/wmn.php?uri=https://steamcommunity.com/id/mattasross:0
[   87972ms] [ERROR] Failed to load resource: the server responded with a status of 429 () @ https://whatsmyname.app/wmn.php?uri=https://mattasross.statuspage.io/api/v2/status.json:0
[   87972ms] [ERROR] Failed to load resource: the server responded with a status of 429 () @ https://whatsmyname.app/wmn.php?uri=https://suzuri.jp/mattasross:0
[   87973ms] [ERROR] Failed to load resource: the server responded with a status of 429 () @ https://whatsmyname.app/wmn.php?uri=https://steller.co/mattasross:0
[   87973ms] [ERROR] Failed to load resource: the server responded with a status of 429 () @ https://whatsmyname.app/wmn.php?uri=https://streamlabs.com/api/v6/user/mattasross:0
[   87973ms] [ERROR] Failed to load resource: the server responded with a status of 429 () @ https://whatsmyname.app/wmn.php?uri=https://api.streamelements.com/kappa/v2/channels/mattasross:0
[   87974ms] [ERROR] Failed to load resource: the server responded with a status of 429 () @ https://whatsmyname.app/wmn.php?uri=https://substack.com/@mattasross:0
[   87974ms] [ERROR] Failed to load resource: the server responded with a status of 429 () @ https://whatsmyname.app/wmn.php?uri=https://secure.tagged.com/mattasross:0
[   87974ms] [ERROR] Failed to load resource: the server responded with a status of 429 () @ https://whatsmyname.app/wmn.php?uri=https://www.tabletoptournaments.net/eu/player/mattasross:0
[   87974ms] [ERROR] Failed to load resource: the server responded with a status of 429 () @ https://whatsmyname.app/wmn.php?uri=https://szmer.info/u/mattasross:0
[   87974ms] [ERROR] Failed to load resource: the server responded with a status of 429 () @ https://whatsmyname.app/wmn.php?uri=https://tamtam.chat/mattasross:0
[   87975ms] [ERROR] Failed to load resource: the server responded with a status of 429 () @ https://whatsmyname.app/wmn.php?uri=mattasrosshttps://signup.steemit.com/api/check_username:0
[   87975ms] [ERROR] Failed to load resource: the server responded with a status of 429 () @ https://whatsmyname.app/wmn.php?uri=https://www.steamgifts.com/user/mattasross:0
[   87975ms] [ERROR] Failed to load resource: the server responded with a status of 429 () @ https://whatsmyname.app/wmn.php?uri=https://tanuki.pl/profil/mattasross:0
[   87975ms] [ERROR] Failed to load resource: the server responded with a status of 429 () @ https://whatsmyname.app/wmn.php?uri=https://account.tapitag.co/tapitag/api/v1/mattasross:0
[   87975ms] [ERROR] Failed to load resource: the server responded with a status of 429 () @ https://whatsmyname.app/wmn.php?uri=https://www.strava.com/athletes/mattasross:0
[   89965ms] [ERROR] Failed to load resource: the server responded with a status of 429 () @ https://whatsmyname.app/wmn.php?uri=https://api.tappy.tech/api/profile/username/msjencat:0
[   89978ms] [ERROR] Failed to load resource: the server responded with a status of 429 () @ https://whatsmyname.app/wmn.php?uri=https://teletype.in/@msjencat:0
[   89980ms] [ERROR] Failed to load resource: the server responded with a status of 429 () @ https://whatsmyname.app/wmn.php?uri=https://commerce.teespring.com/v1/stores?slug=msjencat:0
[   89981ms] [ERROR] Failed to load resource: the server responded with a status of 429 () @ https://whatsmyname.app/wmn.php?uri=https://t.me/msjencat:0
[   89981ms] [ERROR] Failed to load resource: the server responded with a status of 429 () @ https://whatsmyname.app/wmn.php?uri=https://archive.org/wayback/available?url=https://www.taringa.net/msjencat:0
[   89981ms] [ERROR] Failed to load resource: the server responded with a status of 429 () @ https://whatsmyname.app/wmn.php?uri=https://www.thegatewaypundit.com/author/msjencat/:0
[   89981ms] [ERROR] Failed to load resource: the server responded with a status of 429 () @ https://whatsmyname.app/wmn.php?uri=https://teamtreehouse.com/msjencat:0
[   89982ms] [ERROR] Failed to load resource: the server responded with a status of 429 () @ https://whatsmyname.app/wmn.php?uri=https://api.tellonym.me/profiles/name/msjencat:0
[   89982ms] [ERROR] Failed to load resource: the server responded with a status of 429 () @ https://whatsmyname.app/wmn.php?uri=https://tenor.com/users/msjencat:0
[   89982ms] [ERROR] Failed to load resource: the server responded with a status of 429 () @ https://whatsmyname.app/wmn.php?uri=https://ch.tetr.io/api/users/msjencat:0
[   89983ms] [ERROR] Failed to load resource: the server responded with a status of 429 () @ https://whatsmyname.app/wmn.php?uri=https://user.teknik.io/msjencat:0
[   89983ms] [ERROR] Failed to load resource: the server responded with a status of 429 () @ https://whatsmyname.app/wmn.php?uri=http://www.tf2items.com/id/msjencat/:0
[   89983ms] [ERROR] Failed to load resource: the server responded with a status of 429 () @ https://whatsmyname.app/wmn.php?uri=https://www.thetattooforum.com/members/msjencat/:0
[   89983ms] [ERROR] Failed to load resource: the server responded with a status of 429 () @ https://whatsmyname.app/wmn.php?uri=https://themeforest.net/user/msjencat:0
[   89983ms] [ERROR] Failed to load resource: the server responded with a status of 429 () @ https://whatsmyname.app/wmn.php?uri=https://www.taringa.net/msjencat:0
[   89984ms] [ERROR] Failed to load resource: the server responded with a status of 429 () @ https://whatsmyname.app/wmn.php?uri=https://www.taskrabbit.com/profile/mattasross/about:0
[   89984ms] [ERROR] Failed to load resource: the server responded with a status of 429 () @ https://whatsmyname.app/wmn.php?uri=https://www.theguardian.com/profile/msjencat:0
[   89984ms] [ERROR] Failed to load resource: the server responded with a status of 429 () @ https://whatsmyname.app/wmn.php?uri=https://www.taskrabbit.com/profile/msjencat/about:0
[   89984ms] [ERROR] Failed to load resource: the server responded with a status of 429 () @ https://whatsmyname.app/wmn.php?uri=https://api.tappy.tech/api/profile/username/mattasross:0
[   89984ms] [ERROR] Failed to load resource: the server responded with a status of 429 () @ https://whatsmyname.app/wmn.php?uri=https://www.taringa.net/mattasross:0
[   89984ms] [ERROR] Failed to load resource: the server responded with a status of 429 () @ https://whatsmyname.app/wmn.php?uri=https://teamtreehouse.com/mattasross:0
[   89985ms] [ERROR] Failed to load resource: the server responded with a status of 429 () @ https://whatsmyname.app/wmn.php?uri=https://commerce.teespring.com/v1/stores?slug=mattasross:0
[   89985ms] [ERROR] Failed to load resource: the server responded with a status of 429 () @ https://whatsmyname.app/wmn.php?uri=https://www.threads.com/@msjencat:0
[   89985ms] [ERROR] Failed to load resource: the server responded with a status of 429 () @ https://whatsmyname.app/wmn.php?uri=https://archive.org/wayback/available?url=https://www.taringa.net/mattasross:0
[   89985ms] [ERROR] Failed to load resource: the server responded with a status of 429 () @ https://whatsmyname.app/wmn.php?uri=https://api.tellonym.me/profiles/name/mattasross:0
[   89986ms] [ERROR] Failed to load resource: the server responded with a status of 429 () @ https://whatsmyname.app/wmn.php?uri=https://t.me/mattasross:0
[   89986ms] [ERROR] Failed to load resource: the server responded with a status of 429 () @ https://whatsmyname.app/wmn.php?uri=https://teletype.in/@mattasross:0
[   89986ms] [ERROR] Failed to load resource: the server responded with a status of 429 () @ https://whatsmyname.app/wmn.php?uri=https://ch.tetr.io/api/users/mattasross:0
[   89986ms] [ERROR] Failed to load resource: the server responded with a status of 429 () @ https://whatsmyname.app/wmn.php?uri=https://tenor.com/users/mattasross:0
[   89986ms] [ERROR] Failed to load resource: the server responded with a status of 429 () @ https://whatsmyname.app/wmn.php?uri=https://user.teknik.io/mattasross:0
[   89987ms] [ERROR] Failed to load resource: the server responded with a status of 429 () @ https://whatsmyname.app/wmn.php?uri=https://www.tiktok.com/oembed?url=https://www.tiktok.com/@msjencat:0
[   89987ms] [ERROR] Failed to load resource: the server responded with a status of 429 () @ https://whatsmyname.app/wmn.php?uri=https://thoughts.com/members/msjencat/:0
[   89993ms] [ERROR] Failed to load resource: the server responded with a status of 429 () @ https://whatsmyname.app/wmn.php?uri=http://www.tf2items.com/id/mattasross/:0
[   89993ms] [ERROR] Failed to load resource: the server responded with a status of 429 () @ https://whatsmyname.app/wmn.php?uri=https://themeforest.net/user/mattasross:0
[   89993ms] [ERROR] Failed to load resource: the server responded with a status of 429 () @ https://whatsmyname.app/wmn.php?uri=https://www.theguardian.com/profile/mattasross:0
[   89993ms] [ERROR] Failed to load resource: the server responded with a status of 429 () @ https://whatsmyname.app/wmn.php?uri=https://www.thegatewaypundit.com/author/mattasross/:0
[   89994ms] [ERROR] Failed to load resource: the server responded with a status of 429 () @ https://whatsmyname.app/wmn.php?uri=https://www.thetattooforum.com/members/mattasross/:0
[   89994ms] [ERROR] Failed to load resource: the server responded with a status of 429 () @ https://whatsmyname.app/wmn.php?uri=https://thoughts.com/members/mattasross/:0
[   89994ms] [ERROR] Failed to load resource: the server responded with a status of 429 () @ https://whatsmyname.app/wmn.php?uri=https://www.tiktok.com/oembed?url=https://www.tiktok.com/@mattasross:0
[   89994ms] [ERROR] Failed to load resource: the server responded with a status of 429 () @ https://whatsmyname.app/wmn.php?uri=https://www.threads.com/@mattasross:0
[   91970ms] [ERROR] Failed to load resource: the server responded with a status of 429 () @ https://whatsmyname.app/wmn.php?uri=https://www.tipeeestream.com/v3.0/pages/msjencat:0
[   91970ms] [ERROR] Failed to load resource: the server responded with a status of 429 () @ https://whatsmyname.app/wmn.php?uri=https://traktrain.com/msjencat:0
[   91971ms] [ERROR] Failed to load resource: the server responded with a status of 429 () @ https://whatsmyname.app/wmn.php?uri=https://api.topcoder.com/v5/members/msjencat:0
[   91971ms] [ERROR] Failed to load resource: the server responded with a status of 429 () @ https://whatsmyname.app/wmn.php?uri=https://trakt.tv/users/msjencat:0
[   91971ms] [ERROR] Failed to load resource: the server responded with a status of 429 () @ https://whatsmyname.app/wmn.php?uri=https://tinder.com/@msjencat:0
[   91972ms] [ERROR] Failed to load resource: the server responded with a status of 429 () @ https://whatsmyname.app/wmn.php?uri=https://tilde.zone/api/v1/accounts/lookup?acct=msjencat:0
[   91973ms] [ERROR] Failed to load resource: the server responded with a status of 429 () @ https://whatsmyname.app/wmn.php?uri=https://truckersmp.com/user/search?search=msjencat:0
[   91974ms] [ERROR] Failed to load resource: the server responded with a status of 429 () @ https://whatsmyname.app/wmn.php?uri=https://tryhackme.com/api/user/exist/msjencat:0
[   91974ms] [ERROR] Failed to load resource: the server responded with a status of 429 () @ https://whatsmyname.app/wmn.php?uri=msjencathttps://www.tindie.com/accounts/check_username/:0
[   91974ms] [ERROR] Failed to load resource: the server responded with a status of 429 () @ https://whatsmyname.app/wmn.php?uri=https://truckersmp.ru/msjencat:0
[   91974ms] [ERROR] Failed to load resource: the server responded with a status of 429 () @ https://whatsmyname.app/wmn.php?uri=https://msjencat.tumblr.com:0
[   91975ms] [ERROR] Failed to load resource: the server responded with a status of 429 () @ https://whatsmyname.app/wmn.php?uri=https://truthsocial.com/api/v1/accounts/lookup?acct=msjencat:0
[   91975ms] [ERROR] Failed to load resource: the server responded with a status of 429 () @ https://whatsmyname.app/wmn.php?uri=https://tooting.ch/api/v1/accounts/lookup?acct=msjencat:0
[   91975ms] [ERROR] Failed to load resource: the server responded with a status of 429 () @ https://whatsmyname.app/wmn.php?uri=https://toyhou.se/msjencat:0
[   91976ms] [ERROR] Failed to load resource: the server responded with a status of 429 () @ https://whatsmyname.app/wmn.php?uri=https://www.tradingview.com/u/msjencat/:0
[   91976ms] [ERROR] Failed to load resource: the server responded with a status of 429 () @ https://whatsmyname.app/wmn.php?uri=https://www.tripadvisor.com/Profile/msjencat:0
[   91977ms] [ERROR] Failed to load resource: the server responded with a status of 429 () @ https://whatsmyname.app/wmn.php?uri=https://trello.com/1/Members/msjencat:0
[   91977ms] [ERROR] Failed to load resource: the server responded with a status of 429 () @ https://whatsmyname.app/wmn.php?uri=https://www.tunefind.com/api-request/account/profile?userName=msjencat:0
[   91977ms] [ERROR] Failed to load resource: the server responded with a status of 429 () @ https://whatsmyname.app/wmn.php?uri=https://tinder.com/@mattasross:0
[   91977ms] [ERROR] Failed to load resource: the server responded with a status of 429 () @ https://whatsmyname.app/wmn.php?uri=https://tilde.zone/api/v1/accounts/lookup?acct=mattasross:0
[   91978ms] [ERROR] Failed to load resource: the server responded with a status of 429 () @ https://whatsmyname.app/wmn.php?uri=mattasrosshttps://www.tindie.com/accounts/check_username/:0
[   91978ms] [ERROR] Failed to load resource: the server responded with a status of 429 () @ https://whatsmyname.app/wmn.php?uri=https://tooting.ch/api/v1/accounts/lookup?acct=mattasross:0
[   91978ms] [ERROR] Failed to load resource: the server responded with a status of 429 () @ https://whatsmyname.app/wmn.php?uri=https://trello.com/1/Members/mattasross:0
[   91980ms] [ERROR] Failed to load resource: the server responded with a status of 429 () @ https://whatsmyname.app/wmn.php?uri=https://traktrain.com/mattasross:0
[   91981ms] [ERROR] Failed to load resource: the server responded with a status of 429 () @ https://whatsmyname.app/wmn.php?uri=https://twitcasting.tv/msjencat:0
[   91981ms] [ERROR] Failed to load resource: the server responded with a status of 429 () @ https://whatsmyname.app/wmn.php?uri=https://www.tipeeestream.com/v3.0/pages/mattasross:0
[   91999ms] [ERROR] Failed to load resource: the server responded with a status of 429 () @ https://whatsmyname.app/wmn.php?uri=https://www.tradingview.com/u/mattasross/:0
[   92000ms] [ERROR] Failed to load resource: the server responded with a status of 429 () @ https://whatsmyname.app/wmn.php?uri=https://trakt.tv/users/mattasross:0
[   92000ms] [ERROR] Failed to load resource: the server responded with a status of 429 () @ https://whatsmyname.app/wmn.php?uri=https://api.topcoder.com/v5/members/mattasross:0
[   92000ms] [ERROR] Failed to load resource: the server responded with a status of 429 () @ https://whatsmyname.app/wmn.php?uri=https://www.tripadvisor.com/Profile/mattasross:0
[   92000ms] [ERROR] Failed to load resource: the server responded with a status of 429 () @ https://whatsmyname.app/wmn.php?uri=https://toyhou.se/mattasross:0
[   92000ms] [ERROR] Failed to load resource: the server responded with a status of 429 () @ https://whatsmyname.app/wmn.php?uri=https://truckersmp.ru/mattasross:0
[   92000ms] [ERROR] Failed to load resource: the server responded with a status of 429 () @ https://whatsmyname.app/wmn.php?uri=https://truckersmp.com/user/search?search=mattasross:0
[   92000ms] [ERROR] Failed to load resource: the server responded with a status of 429 () @ https://whatsmyname.app/wmn.php?uri=https://truthsocial.com/api/v1/accounts/lookup?acct=mattasross:0
[   92001ms] [ERROR] Failed to load resource: the server responded with a status of 429 () @ https://whatsmyname.app/wmn.php?uri=https://www.tunefind.com/api-request/account/profile?userName=mattasross:0
[   92001ms] [ERROR] Failed to load resource: the server responded with a status of 429 () @ https://whatsmyname.app/wmn.php?uri=https://mattasross.tumblr.com:0
[   92001ms] [ERROR] Failed to load resource: the server responded with a status of 429 () @ https://whatsmyname.app/wmn.php?uri=https://twitcasting.tv/mattasross:0
[   92001ms] [ERROR] Failed to load resource: the server responded with a status of 429 () @ https://whatsmyname.app/wmn.php?uri=https://tryhackme.com/api/user/exist/mattasross:0
[   93974ms] [ERROR] Failed to load resource: the server responded with a status of 429 () @ https://whatsmyname.app/wmn.php?uri=https://twitchtracker.com/msjencat:0
[   93975ms] [ERROR] Failed to load resource: the server responded with a status of 429 () @ https://whatsmyname.app/wmn.php?uri=http://archive.org/wayback/available?url=https://twitter.com/msjencat:0
[   93983ms] [ERROR] Failed to load resource: the server responded with a status of 429 () @ https://whatsmyname.app/wmn.php?uri=https://usa.life/msjencat:0
[   93984ms] [ERROR] Failed to load resource: the server responded with a status of 429 () @ https://whatsmyname.app/wmn.php?uri=msjencathttps://forumserver.twoplustwo.com/ajax.php?do=usersearch:0
[   93984ms] [ERROR] Failed to load resource: the server responded with a status of 429 () @ https://whatsmyname.app/wmn.php?uri=https://unlistedvideos.com/search.php?user=msjencat:0
[   93985ms] [ERROR] Failed to load resource: the server responded with a status of 429 () @ https://whatsmyname.app/wmn.php?uri=http://ultrasdiary.pl/u/msjencat/:0
[   93985ms] [ERROR] Failed to load resource: the server responded with a status of 429 () @ https://whatsmyname.app/wmn.php?uri=https://www.ultimate-guitar.com/u/msjencat:0
[   93985ms] [ERROR] Failed to load resource: the server responded with a status of 429 () @ https://whatsmyname.app/wmn.php?uri=https://twpro.jp/msjencat:0
[   93985ms] [ERROR] Failed to load resource: the server responded with a status of 429 () @ https://whatsmyname.app/wmn.php?uri=https://untappd.com/user/msjencat/:0
[   93985ms] [ERROR] Failed to load resource: the server responded with a status of 429 () @ https://whatsmyname.app/wmn.php?uri=https://utip.io/creator/profile/msjencat:0
[   93985ms] [ERROR] Failed to load resource: the server responded with a status of 429 () @ https://whatsmyname.app/wmn.php?uri=https://uwumarket.us/collections/msjencat:0
[   93986ms] [ERROR] Failed to load resource: the server responded with a status of 429 () @ https://whatsmyname.app/wmn.php?uri=https://www.udemy.com/user/msjencat/:0
[   93986ms] [ERROR] Failed to load resource: the server responded with a status of 429 () @ https://whatsmyname.app/wmn.php?uri=http://archive.org/wayback/available?url=https://twitter.com/msjencat/status/*:0
[   93986ms] [ERROR] Failed to load resource: the server responded with a status of 429 () @ https://whatsmyname.app/wmn.php?uri=https://vapenews.ru/profile/msjencat:0
[   93987ms] [ERROR] Failed to load resource: the server responded with a status of 429 () @ https://whatsmyname.app/wmn.php?uri=https://msjencat.uwu.ai/:0
[   93987ms] [ERROR] Failed to load resource: the server responded with a status of 429 () @ https://whatsmyname.app/wmn.php?uri=https://unsplash.com/@msjencat:0
[   93987ms] [ERROR] Failed to load resource: the server responded with a status of 429 () @ https://whatsmyname.app/wmn.php?uri=http://archive.org/wayback/available?url=https://twitter.com/mattasross:0
[   93988ms] [ERROR] Failed to load resource: the server responded with a status of 429 () @ https://whatsmyname.app/wmn.php?uri=https://uefconnect.uef.fi/en/mattasross/:0
[   93989ms] [ERROR] Failed to load resource: the server responded with a status of 429 () @ https://whatsmyname.app/wmn.php?uri=https://vero.co/msjencat:0
[   93989ms] [ERROR] Failed to load resource: the server responded with a status of 429 () @ https://whatsmyname.app/wmn.php?uri=https://discussions.ubisoft.com/user/mattasross:0
[   93989ms] [ERROR] Failed to load resource: the server responded with a status of 429 () @ https://whatsmyname.app/wmn.php?uri=https://twitchtracker.com/mattasross:0
[   93989ms] [ERROR] Failed to load resource: the server responded with a status of 429 () @ https://whatsmyname.app/wmn.php?uri=http://ultrasdiary.pl/u/mattasross/:0
[   93990ms] [ERROR] Failed to load resource: the server responded with a status of 429 () @ https://whatsmyname.app/wmn.php?uri=https://www.ultimate-guitar.com/u/mattasross:0
[   93990ms] [ERROR] Failed to load resource: the server responded with a status of 429 () @ https://whatsmyname.app/wmn.php?uri=https://account.venmo.com/u/msjencat:0
[   93990ms] [ERROR] Failed to load resource: the server responded with a status of 429 () @ https://whatsmyname.app/wmn.php?uri=http://archive.org/wayback/available?url=https://twitter.com/mattasross/status/*:0
[   93993ms] [ERROR] Failed to load resource: the server responded with a status of 429 () @ https://whatsmyname.app/wmn.php?uri=https://twpro.jp/mattasross:0
[   93993ms] [ERROR] Failed to load resource: the server responded with a status of 429 () @ https://whatsmyname.app/wmn.php?uri=https://unlistedvideos.com/search.php?user=mattasross:0
[   93994ms] [ERROR] Failed to load resource: the server responded with a status of 429 () @ https://whatsmyname.app/wmn.php?uri=https://usa.life/mattasross:0
[   93994ms] [ERROR] Failed to load resource: the server responded with a status of 429 () @ https://whatsmyname.app/wmn.php?uri=https://discussions.ubisoft.com/user/msjencat:0
[   93994ms] [ERROR] Failed to load resource: the server responded with a status of 429 () @ https://whatsmyname.app/wmn.php?uri=https://mattasross.uwu.ai/:0
[   93996ms] [ERROR] Failed to load resource: the server responded with a status of 429 () @ https://whatsmyname.app/wmn.php?uri=https://www.udemy.com/user/mattasross/:0
[   93996ms] [ERROR] Failed to load resource: the server responded with a status of 429 () @ https://whatsmyname.app/wmn.php?uri=https://uefconnect.uef.fi/en/msjencat/:0
[   93996ms] [ERROR] Failed to load resource: the server responded with a status of 429 () @ https://whatsmyname.app/wmn.php?uri=https://untappd.com/user/mattasross/:0
[   93996ms] [ERROR] Failed to load resource: the server responded with a status of 429 () @ https://whatsmyname.app/wmn.php?uri=https://unsplash.com/@mattasross:0
[   93996ms] [ERROR] Failed to load resource: the server responded with a status of 429 () @ https://whatsmyname.app/wmn.php?uri=mattasrosshttps://forumserver.twoplustwo.com/ajax.php?do=usersearch:0
[   93996ms] [ERROR] Failed to load resource: the server responded with a status of 429 () @ https://whatsmyname.app/wmn.php?uri=https://utip.io/creator/profile/mattasross:0
[   93996ms] [ERROR] Failed to load resource: the server responded with a status of 429 () @ https://whatsmyname.app/wmn.php?uri=https://vapenews.ru/profile/mattasross:0
[   93997ms] [ERROR] Failed to load resource: the server responded with a status of 429 () @ https://whatsmyname.app/wmn.php?uri=https://uwumarket.us/collections/mattasross:0
[   93997ms] [ERROR] Failed to load resource: the server responded with a status of 429 () @ https://whatsmyname.app/wmn.php?uri=https://account.venmo.com/u/mattasross:0
[   93999ms] [ERROR] Failed to load resource: the server responded with a status of 429 () @ https://whatsmyname.app/wmn.php?uri=https://vero.co/mattasross:0
[   95975ms] [ERROR] Failed to load resource: the server responded with a status of 429 () @ https://whatsmyname.app/wmn.php?uri=https://my.visnesscard.com/Home/GetCard/msjencat:0
[   95976ms] [ERROR] Failed to load resource: the server responded with a status of 429 () @ https://whatsmyname.app/wmn.php?uri=https://vimeo.com/msjencat:0
[   95976ms] [ERROR] Failed to load resource: the server responded with a status of 429 () @ https://whatsmyname.app/wmn.php?uri=https://www.viewbug.com/member/msjencat:0
[   95977ms] [ERROR] Failed to load resource: the server responded with a status of 429 () @ https://whatsmyname.app/wmn.php?uri=https://vine.co/api/users/profiles/vanity/msjencat:0
[   95977ms] [ERROR] Failed to load resource: the server responded with a status of 429 () @ https://whatsmyname.app/wmn.php?uri=https://www.vibilagare.se/users/msjencat:0
[   95977ms] [ERROR] Failed to load resource: the server responded with a status of 429 () @ https://whatsmyname.app/wmn.php?uri=http://msjencat.vip-blog.com:0
[   95977ms] [ERROR] Failed to load resource: the server responded with a status of 429 () @ https://whatsmyname.app/wmn.php?uri=https://www.virustotal.com/ui/users/msjencat:0
[   95977ms] [ERROR] Failed to load resource: the server responded with a status of 429 () @ https://whatsmyname.app/wmn.php?uri=https://wakatime.com/api/v1/users/msjencat:0
[   95977ms] [ERROR] Failed to load resource: the server responded with a status of 429 () @ https://whatsmyname.app/wmn.php?uri=https://www.vivino.com/users/msjencat:0
[   95978ms] [ERROR] Failed to load resource: the server responded with a status of 429 () @ https://whatsmyname.app/wmn.php?uri=https://vmst.io/api/v1/accounts/lookup?acct=msjencat:0
[   95978ms] [ERROR] Failed to load resource: the server responded with a status of 429 () @ https://whatsmyname.app/wmn.php?uri=https://vk.com/msjencat:0
[   95978ms] [ERROR] Failed to load resource: the server responded with a status of 429 () @ https://whatsmyname.app/wmn.php?uri=https://www.voices.com/profile/msjencat/:0
[   95980ms] [ERROR] Failed to load resource: the server responded with a status of 429 () @ https://whatsmyname.app/wmn.php?uri=https://voice123.com/api/providers/search/msjencat:0
[   95981ms] [ERROR] Failed to load resource: the server responded with a status of 429 () @ https://whatsmyname.app/wmn.php?uri=https://pathfinder-api.kai.w3spaces.com/public-profile-api/msjencat:0
[   95981ms] [ERROR] Failed to load resource: the server responded with a status of 429 () @ https://whatsmyname.app/wmn.php?uri=https://vsco.co/msjencat/gallery:0
[   95982ms] [ERROR] Failed to load resource: the server responded with a status of 429 () @ https://whatsmyname.app/wmn.php?uri=https://vkl.world/api/v1/accounts/lookup?acct=msjencat:0
[   95982ms] [ERROR] Failed to load resource: the server responded with a status of 429 () @ https://whatsmyname.app/wmn.php?uri=https://warmerise.com/profile/msjencat:0
[   95985ms] [ERROR] Failed to load resource: the server responded with a status of 429 () @ https://whatsmyname.app/wmn.php?uri=https://vimeo.com/mattasross:0
[   95985ms] [ERROR] Failed to load resource: the server responded with a status of 429 () @ https://whatsmyname.app/wmn.php?uri=http://mattasross.vip-blog.com:0
[   95986ms] [ERROR] Failed to load resource: the server responded with a status of 429 () @ https://whatsmyname.app/wmn.php?uri=https://www.virustotal.com/ui/users/mattasross:0
[   95986ms] [ERROR] Failed to load resource: the server responded with a status of 429 () @ https://whatsmyname.app/wmn.php?uri=https://www.viewbug.com/member/mattasross:0
[   95986ms] [ERROR] Failed to load resource: the server responded with a status of 429 () @ https://whatsmyname.app/wmn.php?uri=https://www.warriorforum.com/members/msjencat.html:0
[   95987ms] [ERROR] Failed to load resource: the server responded with a status of 429 () @ https://whatsmyname.app/wmn.php?uri=https://vine.co/api/users/profiles/vanity/mattasross:0
[   95987ms] [ERROR] Failed to load resource: the server responded with a status of 429 () @ https://whatsmyname.app/wmn.php?uri=https://vmst.io/api/v1/accounts/lookup?acct=mattasross:0
[   95987ms] [ERROR] Failed to load resource: the server responded with a status of 429 () @ https://whatsmyname.app/wmn.php?uri=https://vk.com/mattasross:0
[   95988ms] [ERROR] Failed to load resource: the server responded with a status of 429 () @ https://whatsmyname.app/wmn.php?uri=https://my.visnesscard.com/Home/GetCard/mattasross:0
[   95989ms] [ERROR] Failed to load resource: the server responded with a status of 429 () @ https://whatsmyname.app/wmn.php?uri=https://www.vivino.com/users/mattasross:0
[   95989ms] [ERROR] Failed to load resource: the server responded with a status of 429 () @ https://whatsmyname.app/wmn.php?uri=https://vkl.world/api/v1/accounts/lookup?acct=mattasross:0
[   95990ms] [ERROR] Failed to load resource: the server responded with a status of 429 () @ https://whatsmyname.app/wmn.php?uri=https://www.voices.com/profile/mattasross/:0
[   95991ms] [ERROR] Failed to load resource: the server responded with a status of 429 () @ https://whatsmyname.app/wmn.php?uri=https://vsco.co/mattasross/gallery:0
[   95991ms] [ERROR] Failed to load resource: the server responded with a status of 429 () @ https://whatsmyname.app/wmn.php?uri=https://pathfinder-api.kai.w3spaces.com/public-profile-api/mattasross:0
[   95992ms] [ERROR] Failed to load resource: the server responded with a status of 429 () @ https://whatsmyname.app/wmn.php?uri=https://www.vibilagare.se/users/mattasross:0
[   95992ms] [ERROR] Failed to load resource: the server responded with a status of 429 () @ https://whatsmyname.app/wmn.php?uri=https://voice123.com/api/providers/search/mattasross:0
[   95999ms] [ERROR] Failed to load resource: the server responded with a status of 429 () @ https://whatsmyname.app/wmn.php?uri=https://warmerise.com/profile/mattasross:0
[   96004ms] [ERROR] Failed to load resource: the server responded with a status of 429 () @ https://whatsmyname.app/wmn.php?uri=https://www.warriorforum.com/members/mattasross.html:0
[   96004ms] [ERROR] Failed to load resource: the server responded with a status of 429 () @ https://whatsmyname.app/wmn.php?uri=https://wakatime.com/api/v1/users/mattasross:0
[   97989ms] [ERROR] Failed to load resource: the server responded with a status of 429 () @ https://whatsmyname.app/wmn.php?uri=https://waytohey.com/msjencat:0
[   97989ms] [ERROR] Failed to load resource: the server responded with a status of 429 () @ https://whatsmyname.app/wmn.php?uri=https://wego.social/msjencat:0
[   97989ms] [ERROR] Failed to load resource: the server responded with a status of 429 () @ https://whatsmyname.app/wmn.php?uri=https://www.wattpad.com/api/v3/users/msjencat:0
[   97989ms] [ERROR] Failed to load resource: the server responded with a status of 429 () @ https://whatsmyname.app/wmn.php?uri=https://www.weasyl.com/~msjencat:0
[   97990ms] [ERROR] Failed to load resource: the server responded with a status of 429 () @ https://whatsmyname.app/wmn.php?uri=https://hosted.weblate.org/user/msjencat/:0
[   97992ms] [ERROR] Failed to load resource: the server responded with a status of 429 () @ https://whatsmyname.app/wmn.php?uri=https://wikimapia.org/user/register/?check=username&value=msjencat:0
[   97992ms] [ERROR] Failed to load resource: the server responded with a status of 429 () @ https://whatsmyname.app/wmn.php?uri=https://weheartit.com/msjencat:0
[   97992ms] [ERROR] Failed to load resource: the server responded with a status of 429 () @ https://whatsmyname.app/wmn.php?uri=https://msjencat.wetransfer.com:0
[   97992ms] [ERROR] Failed to load resource: the server responded with a status of 429 () @ https://whatsmyname.app/wmn.php?uri=http://www.wikidot.com/user:info/msjencat:0
[   97992ms] [ERROR] Failed to load resource: the server responded with a status of 429 () @ https://whatsmyname.app/wmn.php?uri=https://weibo.com/ajax/profile/info?custom=msjencat:0
[   97993ms] [ERROR] Failed to load resource: the server responded with a status of 429 () @ https://whatsmyname.app/wmn.php?uri=https://msjencat.weebly.com/:0
[   97993ms] [ERROR] Failed to load resource: the server responded with a status of 429 () @ https://whatsmyname.app/wmn.php?uri=https://wimkin.com/msjencat:0
[   97993ms] [ERROR] Failed to load resource: the server responded with a status of 429 () @ https://whatsmyname.app/wmn.php?uri=https://www.wishlistr.com/sign-up/?rs=checkUserName&rsargs[]=msjencat:0
[   97994ms] [ERROR] Failed to load resource: the server responded with a status of 429 () @ https://whatsmyname.app/wmn.php?uri=https://www.wordnik.com/users/msjencat:0
[   97997ms] [ERROR] Failed to load resource: the server responded with a status of 429 () @ https://whatsmyname.app/wmn.php?uri=https://public-api.wordpress.com/rest/v1.1/sites/msjencat.wordpress.com:0
[   97997ms] [ERROR] Failed to load resource: the server responded with a status of 429 () @ https://whatsmyname.app/wmn.php?uri=https://hosted.weblate.org/user/mattasross/:0
[   97997ms] [ERROR] Failed to load resource: the server responded with a status of 429 () @ https://whatsmyname.app/wmn.php?uri=https://www.wattpad.com/api/v3/users/mattasross:0
[   97998ms] [ERROR] Failed to load resource: the server responded with a status of 429 () @ https://whatsmyname.app/wmn.php?uri=https://www.wireclub.com/users/msjencat:0
[   97998ms] [ERROR] Failed to load resource: the server responded with a status of 429 () @ https://whatsmyname.app/wmn.php?uri=https://mattasross.weebly.com/:0
[   97998ms] [ERROR] Failed to load resource: the server responded with a status of 429 () @ https://whatsmyname.app/wmn.php?uri=https://www.weblancer.net/users/msjencat/:0
[   97998ms] [ERROR] Failed to load resource: the server responded with a status of 429 () @ https://whatsmyname.app/wmn.php?uri=https://www.weblancer.net/users/mattasross/:0
[   97999ms] [ERROR] Failed to load resource: the server responded with a status of 429 () @ https://whatsmyname.app/wmn.php?uri=https://login.wordpress.org/wp-json/wporg/v1/username-available/msjencat:0
[   97999ms] [ERROR] Failed to load resource: the server responded with a status of 429 () @ https://whatsmyname.app/wmn.php?uri=https://www.weasyl.com/~mattasross:0
[   97999ms] [ERROR] Failed to load resource: the server responded with a status of 429 () @ https://whatsmyname.app/wmn.php?uri=https://weibo.com/ajax/profile/info?custom=mattasross:0
[   97999ms] [ERROR] Failed to load resource: the server responded with a status of 429 () @ https://whatsmyname.app/wmn.php?uri=https://wego.social/mattasross:0
[   97999ms] [ERROR] Failed to load resource: the server responded with a status of 429 () @ https://whatsmyname.app/wmn.php?uri=https://weheartit.com/mattasross:0
[   98000ms] [ERROR] Failed to load resource: the server responded with a status of 429 () @ https://whatsmyname.app/wmn.php?uri=https://www.wordnik.com/users/mattasross:0
[   98000ms] [ERROR] Failed to load resource: the server responded with a status of 429 () @ https://whatsmyname.app/wmn.php?uri=https://wikimapia.org/user/register/?check=username&value=mattasross:0
[   98000ms] [ERROR] Failed to load resource: the server responded with a status of 429 () @ https://whatsmyname.app/wmn.php?uri=https://www.wishlistr.com/sign-up/?rs=checkUserName&rsargs[]=mattasross:0
[   98000ms] [ERROR] Failed to load resource: the server responded with a status of 429 () @ https://whatsmyname.app/wmn.php?uri=https://wimkin.com/mattasross:0
[   98000ms] [ERROR] Failed to load resource: the server responded with a status of 429 () @ https://whatsmyname.app/wmn.php?uri=https://mattasross.wetransfer.com:0
[   98000ms] [ERROR] Failed to load resource: the server responded with a status of 429 () @ https://whatsmyname.app/wmn.php?uri=https://waytohey.com/mattasross:0
[   98001ms] [ERROR] Failed to load resource: the server responded with a status of 429 () @ https://whatsmyname.app/wmn.php?uri=http://www.wikidot.com/user:info/mattasross:0
[   98001ms] [ERROR] Failed to load resource: the server responded with a status of 429 () @ https://whatsmyname.app/wmn.php?uri=https://www.wireclub.com/users/mattasross:0
[   98001ms] [ERROR] Failed to load resource: the server responded with a status of 429 () @ https://whatsmyname.app/wmn.php?uri=https://public-api.wordpress.com/rest/v1.1/sites/mattasross.wordpress.com:0
[   98001ms] [ERROR] Failed to load resource: the server responded with a status of 429 () @ https://whatsmyname.app/wmn.php?uri=https://login.wordpress.org/wp-json/wporg/v1/username-available/mattasross:0
[   98047ms] [ERROR] Failed to load resource: the server responded with a status of 429 () @ https://whatsmyname.app/wmn.php?uri=https://public-api.wordpress.com/rest/v1.1/sites/mattasross.wordpress.com:0
[   98047ms] [ERROR] Failed to load resource: the server responded with a status of 429 () @ https://whatsmyname.app/wmn.php?uri=https://public-api.wordpress.com/rest/v1.1/sites/msjencat.wordpress.com:0
[   98092ms] [ERROR] Failed to load resource: the server responded with a status of 429 () @ https://whatsmyname.app/wmn.php?uri=https://public-api.wordpress.com/rest/v1.1/sites/mattasross.wordpress.com:0
[   98136ms] [ERROR] Failed to load resource: the server responded with a status of 429 () @ https://whatsmyname.app/wmn.php?uri=https://public-api.wordpress.com/rest/v1.1/sites/msjencat.wordpress.com:0
[   99997ms] [ERROR] Failed to load resource: the server responded with a status of 429 () @ https://whatsmyname.app/wmn.php?uri=https://login.wordpress.org/wp-json/wporg/v1/username-available/msjencat:0
[  100028ms] [ERROR] Failed to load resource: the server responded with a status of 429 () @ https://whatsmyname.app/wmn.php?uri=https://wykop.pl/ludzie/msjencat:0
[  100028ms] [ERROR] Failed to load resource: the server responded with a status of 429 () @ https://whatsmyname.app/wmn.php?uri=https://www.wowhead.com/user=msjencat:0
[  100030ms] [ERROR] Failed to load resource: the server responded with a status of 429 () @ https://whatsmyname.app/wmn.php?uri=https://www.xing.com/profile/msjencat:0
[  100030ms] [ERROR] Failed to load resource: the server responded with a status of 429 () @ https://whatsmyname.app/wmn.php?uri=http://msjencat.xanga.com/:0
[  100030ms] [ERROR] Failed to load resource: the server responded with a status of 429 () @ https://whatsmyname.app/wmn.php?uri=https://www.xboxgamertag.com/search/msjencat:0
[  100030ms] [ERROR] Failed to load resource: the server responded with a status of 429 () @ https://whatsmyname.app/wmn.php?uri=https://xakep.ru/author/msjencat/:0
[  100030ms] [ERROR] Failed to load resource: the server responded with a status of 429 () @ https://whatsmyname.app/wmn.php?uri=https://yapishu.net/user/msjencat:0
[  100030ms] [ERROR] Failed to load resource: the server responded with a status of 429 () @ https://whatsmyname.app/wmn.php?uri=https://www.youtube.com/@msjencat:0
[  100031ms] [ERROR] Failed to load resource: the server responded with a status of 429 () @ https://whatsmyname.app/wmn.php?uri=https://www.yazawaj.com/profile/msjencat:0
[  100031ms] [ERROR] Failed to load resource: the server responded with a status of 429 () @ https://whatsmyname.app/wmn.php?uri=https://auctions.yahoo.co.jp/follow/list/msjencat:0
[  100032ms] [ERROR] Failed to load resource: the server responded with a status of 429 () @ https://whatsmyname.app/wmn.php?uri=https://youpic.com/photographer/msjencat:0
[  100032ms] [ERROR] Failed to load resource: the server responded with a status of 429 () @ https://whatsmyname.app/wmn.php?uri=https://api.younow.com/php/api/broadcast/info/user=msjencat:0
[  100032ms] [ERROR] Failed to load resource: the server responded with a status of 429 () @ https://whatsmyname.app/wmn.php?uri=https://www.youtube.com/c/msjencat/about:0
[  100032ms] [ERROR] Failed to load resource: the server responded with a status of 429 () @ https://whatsmyname.app/wmn.php?uri=https://api.x.com/i/users/username_available.json?username=msjencat:0
[  100032ms] [ERROR] Failed to load resource: the server responded with a status of 429 () @ https://whatsmyname.app/wmn.php?uri=https://www.youtube.com/user/msjencat/about:0
[  100033ms] [ERROR] Failed to load resource: the server responded with a status of 429 () @ https://whatsmyname.app/wmn.php?uri=https://xakep.ru/author/mattasross/:0
[  100033ms] [ERROR] Failed to load resource: the server responded with a status of 429 () @ https://whatsmyname.app/wmn.php?uri=https://api.yeswehack.com/hunters/msjencat:0
[  100033ms] [ERROR] Failed to load resource: the server responded with a status of 429 () @ https://whatsmyname.app/wmn.php?uri=https://api.x.com/i/users/username_available.json?username=mattasross:0
[  100033ms] [ERROR] Failed to load resource: the server responded with a status of 429 () @ https://whatsmyname.app/wmn.php?uri=https://www.wowhead.com/user=mattasross:0
[  100034ms] [ERROR] Failed to load resource: the server responded with a status of 429 () @ https://whatsmyname.app/wmn.php?uri=http://mattasross.xanga.com/:0
[  100034ms] [ERROR] Failed to load resource: the server responded with a status of 429 () @ https://whatsmyname.app/wmn.php?uri=https://yapishu.net/user/mattasross:0
[  100034ms] [ERROR] Failed to load resource: the server responded with a status of 429 () @ https://whatsmyname.app/wmn.php?uri=https://www.xboxgamertag.com/search/mattasross:0
[  100034ms] [ERROR] Failed to load resource: the server responded with a status of 429 () @ https://whatsmyname.app/wmn.php?uri=https://www.xing.com/profile/mattasross:0
[  100034ms] [ERROR] Failed to load resource: the server responded with a status of 429 () @ https://whatsmyname.app/wmn.php?uri=https://www.youtube.com/c/mattasross/about:0
[  100035ms] [ERROR] Failed to load resource: the server responded with a status of 429 () @ https://whatsmyname.app/wmn.php?uri=https://login.wordpress.org/wp-json/wporg/v1/username-available/mattasross:0
[  100035ms] [ERROR] Failed to load resource: the server responded with a status of 429 () @ https://whatsmyname.app/wmn.php?uri=https://wykop.pl/ludzie/mattasross:0
[  100036ms] [ERROR] Failed to load resource: the server responded with a status of 429 () @ https://whatsmyname.app/wmn.php?uri=https://api.younow.com/php/api/broadcast/info/user=mattasross:0
[  100036ms] [ERROR] Failed to load resource: the server responded with a status of 429 () @ https://whatsmyname.app/wmn.php?uri=https://auctions.yahoo.co.jp/follow/list/mattasross:0
[  100036ms] [ERROR] Failed to load resource: the server responded with a status of 429 () @ https://whatsmyname.app/wmn.php?uri=https://api.yeswehack.com/hunters/mattasross:0
[  100037ms] [ERROR] Failed to load resource: the server responded with a status of 429 () @ https://whatsmyname.app/wmn.php?uri=https://www.youtube.com/@mattasross:0
[  100037ms] [ERROR] Failed to load resource: the server responded with a status of 429 () @ https://whatsmyname.app/wmn.php?uri=https://youpic.com/photographer/mattasross:0
[  100037ms] [ERROR] Failed to load resource: the server responded with a status of 429 () @ https://whatsmyname.app/wmn.php?uri=https://www.youtube.com/user/mattasross/about:0
[  100038ms] [ERROR] Failed to load resource: the server responded with a status of 429 () @ https://whatsmyname.app/wmn.php?uri=https://www.yazawaj.com/profile/mattasross:0
[  101998ms] [ERROR] Failed to load resource: the server responded with a status of 429 () @ https://whatsmyname.app/wmn.php?uri=https://zenn.dev/msjencat:0
[  101999ms] [ERROR] Failed to load resource: the server responded with a status of 429 () @ https://whatsmyname.app/wmn.php?uri=https://gw-napi.zepeto.io/profiles/msjencat:0
[  102006ms] [ERROR] Failed to load resource: the server responded with a status of 429 () @ https://whatsmyname.app/wmn.php?uri=https://zenn.dev/mattasross:0
[  102006ms] [ERROR] Failed to load resource: the server responded with a status of 429 () @ https://whatsmyname.app/wmn.php?uri=https://www.zomato.com/msjencat/reviews:0
[  102007ms] [ERROR] Failed to load resource: the server responded with a status of 429 () @ https://whatsmyname.app/wmn.php?uri=https://www.zoomit.ir/user/msjencat/:0
[  102007ms] [ERROR] Failed to load resource: the server responded with a status of 429 () @ https://whatsmyname.app/wmn.php?uri=https://www.zillow.com/profile/msjencat/:0
[  102007ms] [ERROR] Failed to load resource: the server responded with a status of 429 () @ https://whatsmyname.app/wmn.php?uri=https://api.zhihu.com/books/people/msjencat/publications?offset=0&limit=5:0
[  102007ms] [ERROR] Failed to load resource: the server responded with a status of 429 () @ https://whatsmyname.app/wmn.php?uri=https://topwar.ru/user/msjencat/:0
[  102008ms] [ERROR] Failed to load resource: the server responded with a status of 429 () @ https://whatsmyname.app/wmn.php?uri=https://www.zillow.com/profile/mattasross/:0
[  102008ms] [ERROR] Failed to load resource: the server responded with a status of 429 () @ https://whatsmyname.app/wmn.php?uri=https://znanija.com/graphql/ru?operationName=NickAvailability&query=query%20NickAvailability%28%24nick%3AString%21%29%7BnickAvailability%28nick%3A%24nick%29%7BisAvailable%7D%7D&variables=%7B%22nick%22%3A%22mattasross%22%7D:0
[  102008ms] [ERROR] Failed to load resource: the server responded with a status of 429 () @ https://whatsmyname.app/wmn.php?uri=https://gw-napi.zepeto.io/profiles/mattasross:0
[  102009ms] [ERROR] Failed to load resource: the server responded with a status of 429 () @ https://whatsmyname.app/wmn.php?uri=https://chatovka.net/search?user_nick=+msjencat&user_sex_m=on&user_sex_f=on:0
[  102009ms] [ERROR] Failed to load resource: the server responded with a status of 429 () @ https://whatsmyname.app/wmn.php?uri=https://znanija.com/graphql/ru?operationName=NickAvailability&query=query%20NickAvailability%28%24nick%3AString%21%29%7BnickAvailability%28nick%3A%24nick%29%7BisAvailable%7D%7D&variables=%7B%22nick%22%3A%22msjencat%22%7D:0
[  102009ms] [ERROR] Failed to load resource: the server responded with a status of 429 () @ https://whatsmyname.app/wmn.php?uri=https://api.zhihu.com/books/people/mattasross/publications?offset=0&limit=5:0
[  102019ms] [ERROR] Failed to load resource: the server responded with a status of 429 () @ https://whatsmyname.app/wmn.php?uri=https://topwar.ru/user/mattasross/:0
[  102020ms] [ERROR] Failed to load resource: the server responded with a status of 429 () @ https://whatsmyname.app/wmn.php?uri=https://www.zomato.com/mattasross/reviews:0
[  102020ms] [ERROR] Failed to load resource: the server responded with a status of 429 () @ https://whatsmyname.app/wmn.php?uri=https://www.zoomit.ir/user/mattasross/:0
[  102026ms] [ERROR] Failed to load resource: the server responded with a status of 429 () @ https://whatsmyname.app/wmn.php?uri=https://chatovka.net/search?user_nick=+mattasross&user_sex_m=on&user_sex_f=on:0
